MIG: 21:12:54 : xml_input_file: board.prj
MIG: 21:12:54 : Absolute path of xml_input_file: c:/Users/DFEC/Basic_uBlaze/Basic_uBlaze.srcs/sources_1/bd/design_1/ip/design_1_mig_7series_0_0/board.prj
MIG: 21:12:54 : xml_input_file: board.prj
MIG: 21:12:54 : Absolute path of xml_input_file: c:/Users/DFEC/Basic_uBlaze/Basic_uBlaze.srcs/sources_1/bd/design_1/ip/design_1_mig_7series_0_0/board.prj
MIG: 21:12:54 : In updateAllModelParams
MIG: 21:12:55 : ################# RUNNING MIG BATCH ###################
MIG: 21:12:55 : Writing IN file for 'design_1_mig_7series_0_0'...compDirPath: c:/Xilinx/Vivado/2018.2/data/ip/xilinx/mig_7series_v4_1... instDirPath: c:/Users/DFEC/Basic_uBlaze/Basic_uBlaze.srcs/sources_1/bd/design_1/ip/design_1_mig_7series_0_0
MIG: 21:12:55 : synp_flow:  -- synthesis_mode: Other
MIG: 21:12:55 : outputDirectory: c:/Users/DFEC/Basic_uBlaze/Basic_uBlaze.srcs/sources_1/bd/design_1/ip/design_1_mig_7series_0_0/_tmp/
MIG: 21:12:55 : vivado_mode: xpg_bd
MIG: 21:12:55 : isPortInterface: 0
MIG: 21:12:55 : isPortInterface: 0
MIG: 21:12:55 : isPortInterface: 0
MIG: 21:12:55 : isPortInterface: 0
MIG: 21:12:55 : isPortInterface: 0
MIG: 21:12:55 : isPortInterface: 0
MIG: 21:12:55 : isPortInterface: 0
MIG: 21:12:55 : isPortInterface: 0
MIG: 21:12:55 : isPortInterface: 0
MIG: 21:12:55 : isPortInterface: 0
MIG: 21:12:55 : isPortInterface: 0
MIG: 21:12:55 : isPortInterface: 0
MIG: 21:12:55 : isPortInterface: 0
MIG: 21:12:55 : isPortInterface: 0
MIG: 21:12:55 : isPortInterface: 0
MIG: 21:12:55 : isPortInterface: 0
MIG: 21:12:55 : isPortInterface: 0
MIG: 21:12:55 : isPortInterface: 0
MIG: 21:12:55 : isPortInterface: 0
MIG: 21:12:55 : isPortInterface: 0
MIG: 21:12:55 : isPortInterface: 0
MIG: 21:12:55 : isPortInterface: 0
MIG: 21:12:55 : isPortInterface: 0
MIG: 21:12:55 : isPortInterface: 0
MIG: 21:12:55 : isPortInterface: 0
MIG: 21:12:55 : isPortInterface: 0
MIG: 21:12:55 : isPortInterface: 0
MIG: 21:12:55 : isPortInterface: 0
MIG: 21:12:55 : isPortInterface: 0
MIG: 21:12:55 : isPortInterface: 0
MIG: 21:12:55 : isPortInterface: 0
MIG: 21:12:55 : isPortInterface: 0
MIG: 21:12:55 : isPortInterface: 0
MIG: 21:12:55 : isPortInterface: 0
MIG: 21:12:55 : isPortInterface: 0
MIG: 21:12:55 : isPortInterface: 0
MIG: 21:12:55 : isPortInterface: 0
MIG: 21:12:55 : isPortInterface: 0
MIG: 21:12:55 : isPortInterface: 0
MIG: 21:12:55 : isPortInterface: 0
MIG: 21:12:55 : isPortInterface: 0
MIG: 21:12:55 : isPortInterface: 0
MIG: 21:12:55 : isPortInterface: 0
MIG: 21:12:55 : isPortInterface: 0
MIG: 21:12:55 : isPortInterface: 0
MIG: 21:12:55 : isPortInterface: 0
MIG: 21:12:55 : isPortInterface: 0
MIG: 21:12:55 : isPortInterface: 0
MIG: 21:12:55 : isPortInterface: 0
MIG: 21:12:55 : isPortInterface: 0
MIG: 21:12:55 : isPortInterface: 0
MIG: 21:12:55 : isPortInterface: 0
MIG: 21:12:55 : isPortInterface: 0
MIG: 21:12:55 : isPortInterface: 0
MIG: 21:12:55 : isPortInterface: 0
MIG: 21:12:55 : isPortInterface: 0
MIG: 21:12:55 : isPortInterface: 0
MIG: 21:12:55 : isPortInterface: 0
MIG: 21:12:56 : isPortInterface: 0
MIG: 21:12:56 : isPortInterface: 0
MIG: 21:12:56 : isPortInterface: 0
MIG: 21:12:56 : isPortInterface: 0
MIG: 21:12:56 : isPortInterface: 0
MIG: 21:12:56 : isPortInterface: 0
MIG: 21:12:56 : isPortInterface: 0
MIG: 21:12:56 : isPortInterface: 0
MIG: 21:12:56 : isPortInterface: 0
MIG: 21:12:56 : isPortInterface: 0
MIG: 21:12:56 : isPortInterface: 0
MIG: 21:12:56 : isPortInterface: 0
MIG: 21:12:56 : isPortInterface: 0
MIG: 21:12:56 : isPortInterface: 0
MIG: 21:12:56 : isPortInterface: 0
MIG: 21:12:56 : isPortInterface: 0
MIG: 21:12:56 : isPortInterface: 0
MIG: 21:12:56 : isPortInterface: 0
MIG: 21:12:56 : isPortInterface: 0
MIG: 21:12:56 : isPortInterface: 0
MIG: 21:12:56 : isPortInterface: 0
MIG: 21:12:56 : isPortInterface: 0
MIG: 21:12:56 : isPortInterface: 0
MIG: 21:12:56 : isPortInterface: 0
MIG: 21:12:56 : isPortInterface: 0
MIG: 21:12:56 : isPortInterface: 0
MIG: 21:12:56 : isPortInterface: 0
MIG: 21:12:56 : isPortInterface: 0
MIG: 21:12:56 : isPortInterface: 0
MIG: 21:12:56 : isPortInterface: 0
MIG: 21:12:56 : isPortInterface: 0
MIG: 21:12:56 : isPortInterface: 0
MIG: 21:12:56 : isPortInterface: 0
MIG: 21:12:56 : isPortInterface: 0
MIG: 21:12:56 : isPortInterface: 0
MIG: 21:12:56 : isPortInterface: 0
MIG: 21:12:56 : isPortInterface: 0
MIG: 21:12:56 : isPortInterface: 0
MIG: 21:12:56 : isPortInterface: 0
MIG: 21:12:56 : isPortInterface: 0
MIG: 21:12:56 : isPortInterface: 0
MIG: 21:12:56 : isPortInterface: 0
MIG: 21:12:56 : isPortInterface: 0
MIG: 21:12:56 : isPortInterface: 0
MIG: 21:12:56 : isPortInterface: 0
MIG: 21:12:56 : isPortInterface: 0
MIG: 21:12:56 : isPortInterface: 0
MIG: 21:12:56 : isPortInterface: 0
MIG: 21:12:56 : isPortInterface: 0
MIG: 21:12:56 : isPortInterface: 0
MIG: 21:12:56 : isPortInterface: 0
MIG: 21:12:56 : isPortInterface: 0
MIG: 21:12:56 : isPortInterface: 0
MIG: 21:12:56 : isPortInterface: 0
MIG: 21:12:56 : isPortInterface: 0
MIG: 21:12:56 : isPortInterface: 0
MIG: 21:12:56 : isPortInterface: 0
MIG: 21:12:56 : isPortInterface: 0
MIG: 21:12:56 : isPortInterface: 0
MIG: 21:12:56 : isPortInterface: 0
MIG: 21:12:56 : isPortInterface: 0
MIG: 21:12:56 : isPortInterface: 0
MIG: 21:12:56 : isPortInterface: 0
MIG: 21:12:56 : isPortInterface: 0
MIG: 21:12:56 : isPortInterface: 1
MIG: 21:12:56 : isPortInterface: 0
MIG: 21:12:56 : isPortInterface: 0
MIG: 21:12:56 : isPortInterface: 0
MIG: 21:12:56 : isPortInterface: 0
MIG: 21:12:57 : isPortInterface: 0
MIG: 21:12:57 : isPortInterface: 0
MIG: 21:12:57 : isPortInterface: 0
MIG: 21:12:57 : isPortInterface: 0
MIG: 21:12:57 : isPortInterface: 0
MIG: 21:12:57 : isPortInterface: 0
MIG: 21:12:57 :  locked false  
MIG: 21:12:57 : HDL Language: Verilog
MIG: 21:12:57 : compInfo: true
MIG: 21:12:57 : Vivado Options xc7a200t sbg484 -1
MIG: 21:12:57 : 1: xc7a200t 2: sbg484 3: -1
MIG: 21:12:57 : relative mig path: coregen/ip/xilinx/other/com/xilinx/ip/mig_7series_v4_1/bin/nt64/mig.exe
MIG: 21:12:57 : xilinx_path: C:/Xilinx/Vivado/2018.2/ids_lite/ISE
MIG: 21:12:57 : I am in catch area
MIG: 21:12:57 : Running C:/Xilinx/Vivado/2018.2/ids_lite/ISE/coregen/ip/xilinx/other/com/xilinx/ip/mig_7series_v4_1/bin/nt64/mig.exe -cg_exc_inp c:/Users/DFEC/Basic_uBlaze/Basic_uBlaze.srcs/sources_1/bd/design_1/ip/design_1_mig_7series_0_0/xil_txt.in -cg_exc_out c:/Users/DFEC/Basic_uBlaze/Basic_uBlaze.srcs/sources_1/bd/design_1/ip/design_1_mig_7series_0_0/xil_txt.out ... 
MIG: 21:13:36 : XML_INPUT_FILE: c:/Users/DFEC/Basic_uBlaze/Basic_uBlaze.srcs/sources_1/bd/design_1/ip/design_1_mig_7series_0_0/board.prj
MIG: 21:13:36 : Component_Name: design_1_mig_7series_0_0
MIG: 21:13:36 : Moving design_1_mig_7series_0_0 ...
MIG: 21:13:36 : Moving design_1_mig_7series_0_0.veo ...
MIG: 21:13:36 : Moving design_1_mig_7series_0_0_xmdf.tcl ...
MIG: 21:13:36 : XGUI hdlLanguage: Verilog
MIG: 21:13:36 : xgui vivado_mode: xpg_bd
MIG: 21:13:36 : xgui hdlLanguage: Verilog -- hdlExt: v
MIG: 21:13:36 : Reading C:/Users/DFEC/Basic_uBlaze/Basic_uBlaze.srcs/sources_1/bd/design_1/ip/design_1_mig_7series_0_0/design_1_mig_7series_0_0/user_design/rtl/design_1_mig_7series_0_0_mig.v ...
MIG: 21:13:39 : 1
MIG: 21:13:39 : Inside fn mem: DDR3
MIG: 21:13:39 : detect_uiclk: 100000000
MIG: 21:13:39 : cntrl:  memtype: DDR3
MIG: 21:13:39 : 800
MIG: 21:13:39 :  MMCM_VCO single ctrl param_name: MMCM_VCO --  possibleMaxVcoVal: 800 
MIG: 21:13:39 : 
MIG: 21:13:39 : 1
MIG: 21:13:39 : 100000000
MIG: 21:13:39 : 
MIG: 21:13:39 :  polarity_value: 1
MIG: 21:13:39 : 
MIG: 21:13:39 : 
MIG: 21:13:39 : cntrl:  memtype: DDR3
MIG: 21:13:39 : 
MIG: 21:13:39 :  Valid Param: DDR3_BANK_WIDTH ==> 3
MIG: 21:13:39 : 
MIG: 21:13:39 :  Valid Param: DDR3_CK_WIDTH ==> 1
MIG: 21:13:39 :  Invalid Param: DDR3_COL_WIDTH ==> 10
MIG: 21:13:40 : 
MIG: 21:13:40 :  Valid Param: DDR3_CS_WIDTH ==> 1
MIG: 21:13:40 : 
MIG: 21:13:40 :  Valid Param: DDR3_nCS_PER_RANK ==> 1
MIG: 21:13:40 : 
MIG: 21:13:40 :  Valid Param: DDR3_CKE_WIDTH ==> 1
MIG: 21:13:40 :  Invalid Param: DDR3_DATA_BUF_ADDR_WIDTH ==> 5
MIG: 21:13:40 :  Invalid Param: DDR3_DQ_CNT_WIDTH ==> 4
MIG: 21:13:40 :  Invalid Param: DDR3_DQ_PER_DM ==> 8
MIG: 21:13:40 : 2
MIG: 21:13:40 :  Valid Param: DDR3_DM_WIDTH ==> 2
MIG: 21:13:40 : 16
MIG: 21:13:40 :  Valid Param: DDR3_DQ_WIDTH ==> 16
MIG: 21:13:40 : 2
MIG: 21:13:40 :  Valid Param: DDR3_DQS_WIDTH ==> 2
MIG: 21:13:40 : 
MIG: 21:13:40 :  Valid Param: DDR3_DQS_CNT_WIDTH ==> 1
MIG: 21:13:41 :  Invalid Param: DDR3_DRAM_WIDTH ==> 8
MIG: 21:13:41 : 
MIG: 21:13:41 :  Valid Param: ECC ==> OFF
MIG: 21:13:41 : 16
MIG: 21:13:41 :  Valid Param: DDR3_DATA_WIDTH ==> 16
MIG: 21:13:41 :  Invalid Param: ECC_TEST ==> "OFF"
MIG: 21:13:41 :  Invalid Param: DDR3_PAYLOAD_WIDTH ==> (ECC_TEST == "OFF") ? DATA_WIDTH : DQ_WIDTH
MIG: 21:13:41 :  Invalid Param: DDR3_MEM_ADDR_ORDER ==> "BANK_ROW_COLUMN"
MIG: 21:13:41 :  Invalid Param: DDR3_nBANK_MACHS ==> 4
MIG: 21:13:41 :  Invalid Param: DDR3_RANKS ==> 1
MIG: 21:13:41 : 
MIG: 21:13:41 :  Valid Param: DDR3_ODT_WIDTH ==> 1
MIG: 21:13:41 : 15
MIG: 21:13:41 :  Valid Param: DDR3_ROW_WIDTH ==> 15
MIG: 21:13:41 : 29
MIG: 21:13:41 :  Valid Param: DDR3_ADDR_WIDTH ==> 29
MIG: 21:13:41 : 0
MIG: 21:13:41 :  Valid Param: DDR3_USE_CS_PORT ==> 0
MIG: 21:13:41 : 
MIG: 21:13:41 :  Valid Param: DDR3_USE_DM_PORT ==> 1
MIG: 21:13:41 : 
MIG: 21:13:41 :  Valid Param: DDR3_USE_ODT_PORT ==> 1
MIG: 21:13:41 :  Invalid Param: DDR3_IS_CLK_SHARED ==> "FALSE"
MIG: 21:13:41 :  Invalid Param: DDR3_PHY_CONTROL_MASTER_BANK ==> 0
MIG: 21:13:41 :  Invalid Param: DDR3_MEM_DENSITY ==> "4Gb"
MIG: 21:13:41 :  Invalid Param: DDR3_MEM_SPEEDGRADE ==> "125"
MIG: 21:13:41 :  Invalid Param: DDR3_MEM_DEVICE_WIDTH ==> 16
MIG: 21:13:41 :  Invalid Param: DDR3_AL ==> "0"
MIG: 21:13:41 :  Invalid Param: DDR3_nAL ==> 0
MIG: 21:13:41 :  Invalid Param: DDR3_BURST_MODE ==> "8"
MIG: 21:13:41 :  Invalid Param: DDR3_BURST_TYPE ==> "SEQ"
MIG: 21:13:41 :  Invalid Param: DDR3_CL ==> 6
MIG: 21:13:41 :  Invalid Param: DDR3_CWL ==> 5
MIG: 21:13:41 :  Invalid Param: DDR3_OUTPUT_DRV ==> "HIGH"
MIG: 21:13:41 :  Invalid Param: DDR3_RTT_NOM ==> "40"
MIG: 21:13:41 :  Invalid Param: DDR3_RTT_WR ==> "OFF"
MIG: 21:13:41 :  Invalid Param: DDR3_ADDR_CMD_MODE ==> "1T"
MIG: 21:13:42 : 
MIG: 21:13:42 :  Valid Param: DDR3_REG_CTRL ==> OFF
MIG: 21:13:42 :  Invalid Param: DDR3_CA_MIRROR ==> "OFF"
MIG: 21:13:42 :  Invalid Param: DDR3_VDD_OP_VOLT ==> "150"
MIG: 21:13:42 :  Invalid Param: DDR3_CLKIN_PERIOD ==> 5000
MIG: 21:13:42 :  Invalid Param: DDR3_CLKFBOUT_MULT ==> 4
MIG: 21:13:42 :  Invalid Param: DDR3_DIVCLK_DIVIDE ==> 1
MIG: 21:13:42 :  Invalid Param: DDR3_CLKOUT0_PHASE ==> 0.0
MIG: 21:13:42 :  Invalid Param: DDR3_CLKOUT0_DIVIDE ==> 1
MIG: 21:13:42 :  Invalid Param: DDR3_CLKOUT1_DIVIDE ==> 2
MIG: 21:13:42 :  Invalid Param: DDR3_CLKOUT2_DIVIDE ==> 32
MIG: 21:13:42 :  Invalid Param: DDR3_CLKOUT3_DIVIDE ==> 8
MIG: 21:13:42 :  Invalid Param: DDR3_MMCM_VCO ==> 800
MIG: 21:13:42 :  Invalid Param: DDR3_MMCM_MULT_F ==> 8
MIG: 21:13:42 :  Invalid Param: DDR3_MMCM_DIVCLK_DIVIDE ==> 1
MIG: 21:13:42 :  Invalid Param: DDR3_tCKE ==> 5000
MIG: 21:13:42 :  Invalid Param: DDR3_tFAW ==> 40000
MIG: 21:13:42 :  Invalid Param: DDR3_tPRDI ==> 1_000_000
MIG: 21:13:42 :  Invalid Param: DDR3_tRAS ==> 35000
MIG: 21:13:42 :  Invalid Param: DDR3_tRCD ==> 13750
MIG: 21:13:42 :  Invalid Param: DDR3_tREFI ==> 7800000
MIG: 21:13:42 :  Invalid Param: DDR3_tRFC ==> 260000
MIG: 21:13:42 :  Invalid Param: DDR3_tRP ==> 13750
MIG: 21:13:42 :  Invalid Param: DDR3_tRRD ==> 7500
MIG: 21:13:42 :  Invalid Param: DDR3_tRTP ==> 7500
MIG: 21:13:42 :  Invalid Param: DDR3_tWTR ==> 7500
MIG: 21:13:42 :  Invalid Param: DDR3_tZQI ==> 128_000_000
MIG: 21:13:42 :  Invalid Param: DDR3_tZQCS ==> 64
MIG: 21:13:42 :  Invalid Param: DDR3_SIM_BYPASS_INIT_CAL ==> "OFF"
MIG: 21:13:42 :  Invalid Param: DDR3_SIMULATION ==> "FALSE"
MIG: 21:13:42 :  Invalid Param: DDR3_BYTE_LANES_B0 ==> 4'b1111
MIG: 21:13:42 :  Invalid Param: DDR3_BYTE_LANES_B1 ==> 4'b0000
MIG: 21:13:42 :  Invalid Param: DDR3_BYTE_LANES_B2 ==> 4'b0000
MIG: 21:13:42 :  Invalid Param: DDR3_BYTE_LANES_B3 ==> 4'b0000
MIG: 21:13:42 :  Invalid Param: DDR3_BYTE_LANES_B4 ==> 4'b0000
MIG: 21:13:42 :  Invalid Param: DDR3_DATA_CTL_B0 ==> 4'b1100
MIG: 21:13:42 :  Invalid Param: DDR3_DATA_CTL_B1 ==> 4'b0000
MIG: 21:13:42 :  Invalid Param: DDR3_DATA_CTL_B2 ==> 4'b0000
MIG: 21:13:42 :  Invalid Param: DDR3_DATA_CTL_B3 ==> 4'b0000
MIG: 21:13:42 :  Invalid Param: DDR3_DATA_CTL_B4 ==> 4'b0000
MIG: 21:13:42 :  Invalid Param: DDR3_PHY_0_BITLANES ==> 48'h3F7_3FE_FFF_BFF
MIG: 21:13:42 :  Invalid Param: DDR3_PHY_1_BITLANES ==> 48'h000_000_000_000
MIG: 21:13:42 :  Invalid Param: DDR3_PHY_2_BITLANES ==> 48'h000_000_000_000
MIG: 21:13:42 :  Invalid Param: DDR3_CK_BYTE_MAP ==> 144'h00_00_00_00_00_00_00_00_00_00_00_00_00_00_00_00_00_00
MIG: 21:13:42 :  Invalid Param: DDR3_ADDR_MAP ==> 192'h000_001_005_009_000_011_007_003_004_008_006_00B_01B_015_002_014
MIG: 21:13:42 :  Invalid Param: DDR3_BANK_MAP ==> 36'h010_013_017
MIG: 21:13:42 :  Invalid Param: DDR3_CAS_MAP ==> 12'h016
MIG: 21:13:42 :  Invalid Param: DDR3_CKE_ODT_BYTE_MAP ==> 8'h00
MIG: 21:13:42 :  Invalid Param: DDR3_CKE_MAP ==> 96'h000_000_000_000_000_000_000_012
MIG: 21:13:42 :  Invalid Param: DDR3_ODT_MAP ==> 96'h000_000_000_000_000_000_000_019
MIG: 21:13:42 :  Invalid Param: DDR3_CS_MAP ==> 120'h000_000_000_000_000_000_000_000_000_000
MIG: 21:13:42 :  Invalid Param: DDR3_PARITY_MAP ==> 12'h000
MIG: 21:13:42 :  Invalid Param: DDR3_RAS_MAP ==> 12'h018
MIG: 21:13:42 :  Invalid Param: DDR3_WE_MAP ==> 12'h01A
MIG: 21:13:42 :  Invalid Param: DDR3_DQS_BYTE_MAP ==> 144'h00_00_00_00_00_00_00_00_00_00_00_00_00_00_00_00_03_02
MIG: 21:13:42 :  Invalid Param: DDR3_DATA0_MAP ==> 96'h025_027_023_029_028_024_021_026
MIG: 21:13:42 :  Invalid Param: DDR3_DATA1_MAP ==> 96'h039_035_038_037_034_031_036_030
MIG: 21:13:42 :  Invalid Param: DDR3_DATA2_MAP ==> 96'h000_000_000_000_000_000_000_000
MIG: 21:13:42 :  Invalid Param: DDR3_DATA3_MAP ==> 96'h000_000_000_000_000_000_000_000
MIG: 21:13:42 :  Invalid Param: DDR3_DATA4_MAP ==> 96'h000_000_000_000_000_000_000_000
MIG: 21:13:42 :  Invalid Param: DDR3_DATA5_MAP ==> 96'h000_000_000_000_000_000_000_000
MIG: 21:13:42 :  Invalid Param: DDR3_DATA6_MAP ==> 96'h000_000_000_000_000_000_000_000
MIG: 21:13:42 :  Invalid Param: DDR3_DATA7_MAP ==> 96'h000_000_000_000_000_000_000_000
MIG: 21:13:42 :  Invalid Param: DDR3_DATA8_MAP ==> 96'h000_000_000_000_000_000_000_000
MIG: 21:13:42 :  Invalid Param: DDR3_DATA9_MAP ==> 96'h000_000_000_000_000_000_000_000
MIG: 21:13:42 :  Invalid Param: DDR3_DATA10_MAP ==> 96'h000_000_000_000_000_000_000_000
MIG: 21:13:42 :  Invalid Param: DDR3_DATA11_MAP ==> 96'h000_000_000_000_000_000_000_000
MIG: 21:13:42 :  Invalid Param: DDR3_DATA12_MAP ==> 96'h000_000_000_000_000_000_000_000
MIG: 21:13:42 :  Invalid Param: DDR3_DATA13_MAP ==> 96'h000_000_000_000_000_000_000_000
MIG: 21:13:42 :  Invalid Param: DDR3_DATA14_MAP ==> 96'h000_000_000_000_000_000_000_000
MIG: 21:13:42 :  Invalid Param: DDR3_DATA15_MAP ==> 96'h000_000_000_000_000_000_000_000
MIG: 21:13:42 :  Invalid Param: DDR3_DATA16_MAP ==> 96'h000_000_000_000_000_000_000_000
MIG: 21:13:42 :  Invalid Param: DDR3_DATA17_MAP ==> 96'h000_000_000_000_000_000_000_000
MIG: 21:13:42 :  Invalid Param: DDR3_MASK0_MAP ==> 108'h000_000_000_000_000_000_000_032_022
MIG: 21:13:42 :  Invalid Param: DDR3_MASK1_MAP ==> 108'h000_000_000_000_000_000_000_000_000
MIG: 21:13:42 :  Invalid Param: DDR3_SLOT_0_CONFIG ==> 8'b0000_0001
MIG: 21:13:42 :  Invalid Param: DDR3_SLOT_1_CONFIG ==> 8'b0000_0000
MIG: 21:13:42 :  Invalid Param: DDR3_IBUF_LPWR_MODE ==> "OFF"
MIG: 21:13:42 :  Invalid Param: DDR3_DATA_IO_IDLE_PWRDWN ==> "ON"
MIG: 21:13:42 :  Invalid Param: DDR3_BANK_TYPE ==> "HR_IO"
MIG: 21:13:42 :  Invalid Param: DDR3_DATA_IO_PRIM_TYPE ==> "HR_LP"
MIG: 21:13:42 :  Invalid Param: DDR3_CKE_ODT_AUX ==> "FALSE"
MIG: 21:13:42 :  Invalid Param: DDR3_USER_REFRESH ==> "OFF"
MIG: 21:13:42 :  Invalid Param: DDR3_WRLVL ==> "ON"
MIG: 21:13:42 :  Invalid Param: DDR3_ORDERING ==> "NORM"
MIG: 21:13:42 :  Invalid Param: DDR3_CALIB_ROW_ADD ==> 16'h0000
MIG: 21:13:42 :  Invalid Param: DDR3_CALIB_COL_ADD ==> 12'h000
MIG: 21:13:42 :  Invalid Param: DDR3_CALIB_BA_ADD ==> 3'h0
MIG: 21:13:42 :  Invalid Param: DDR3_TCQ ==> 100
MIG: 21:13:42 :  Invalid Param: DDR3_IDELAY_ADJ ==> "OFF"
MIG: 21:13:42 :  Invalid Param: DDR3_FINE_PER_BIT ==> "OFF"
MIG: 21:13:42 :  Invalid Param: DDR3_CENTER_COMP_MODE ==> "OFF"
MIG: 21:13:42 :  Invalid Param: DDR3_PI_VAL_ADJ ==> "OFF"
MIG: 21:13:43 :  Invalid Param: DDR3_IODELAY_GRP0 ==> "DESIGN_1_MIG_7SERIES_0_0_IODELAY_MIG0"
MIG: 21:13:43 :  Invalid Param: DDR3_IODELAY_GRP1 ==> "DESIGN_1_MIG_7SERIES_0_0_IODELAY_MIG1"
MIG: 21:13:43 :  Invalid Param: DDR3_SYSCLK_TYPE ==> "NO_BUFFER"
MIG: 21:13:43 :  Invalid Param: DDR3_REFCLK_TYPE ==> "USE_SYSTEM_CLOCK"
MIG: 21:13:43 :  Invalid Param: DDR3_SYS_RST_PORT ==> "FALSE"
MIG: 21:13:43 :  Invalid Param: DDR3_FPGA_SPEED_GRADE ==> 1
MIG: 21:13:43 :  Invalid Param: DDR3_CMD_PIPE_PLUS1 ==> "ON"
MIG: 21:13:43 :  Invalid Param: DDR3_DRAM_TYPE ==> "DDR3"
MIG: 21:13:43 :  Invalid Param: DDR3_CAL_WIDTH ==> "HALF"
MIG: 21:13:43 :  Invalid Param: DDR3_STARVE_LIMIT ==> 2
MIG: 21:13:43 :  Invalid Param: DDR3_REF_CLK_MMCM_IODELAY_CTRL ==> "FALSE"
MIG: 21:13:43 :  Invalid Param: DDR3_REFCLK_FREQ ==> 200.0
MIG: 21:13:43 :  Invalid Param: DDR3_DIFF_TERM_REFCLK ==> "TRUE"
MIG: 21:13:43 :  Invalid Param: DDR3_tCK ==> 2500
MIG: 21:13:43 : 4
MIG: 21:13:43 :  Valid Param: DDR3_nCK_PER_CLK ==> 4
MIG: 21:13:43 :  Invalid Param: DDR3_DIFF_TERM_SYSCLK ==> "TRUE"
MIG: 21:13:43 : 
MIG: 21:13:43 :  Valid Param: UI_EXTRA_CLOCKS ==> FALSE
MIG: 21:13:43 : 2
MIG: 21:13:43 :  Valid Param: C_S_AXI_ID_WIDTH ==> 2
MIG: 21:13:43 : 536870912
MIG: 21:13:43 :  Valid Param: C_S_AXI_MEM_SIZE ==> 536870912
MIG: 21:13:43 : 29
MIG: 21:13:43 :  Valid Param: C_S_AXI_ADDR_WIDTH ==> 29
MIG: 21:13:43 : 
MIG: 21:13:43 :  Valid Param: C_S_AXI_DATA_WIDTH ==> 32
MIG: 21:13:43 :  Invalid Param: DDR3_C_MC_nCK_PER_CLK ==> 4
MIG: 21:13:43 :  Invalid Param: C_S_AXI_SUPPORTS_NARROW_BURST ==> 0
MIG: 21:13:44 :  Invalid Param: DDR3_C_RD_WR_ARB_ALGORITHM ==> "RD_PRI_REG"
MIG: 21:13:44 :  Invalid Param: C_S_AXI_REG_EN0 ==> 20'h00000
MIG: 21:13:44 :  Invalid Param: C_S_AXI_REG_EN1 ==> 20'h00000
MIG: 21:13:44 : 
MIG: 21:13:44 :  Valid Param: C_S_AXI_CTRL_ADDR_WIDTH ==> 32
MIG: 21:13:44 : 
MIG: 21:13:44 :  Valid Param: C_S_AXI_CTRL_DATA_WIDTH ==> 32
MIG: 21:13:44 :  Invalid Param: C_S_AXI_BASEADDR ==> 32'h0000_0000
MIG: 21:13:44 :  Invalid Param: C_ECC_ONOFF_RESET_VALUE ==> 1
MIG: 21:13:44 :  Invalid Param: C_ECC_CE_COUNTER_WIDTH ==> 8
MIG: 21:13:44 : 
MIG: 21:13:44 :  Valid Param: DDR3_DEBUG_PORT ==> OFF
MIG: 21:13:44 : 
MIG: 21:13:44 :  Invalid Param: DDR3_TEMP_MON_CONTROL ==> "INTERNAL"
MIG: 21:13:44 :  Invalid Param: DDR3_FPGA_VOLT_TYPE ==> "N"
MIG: 21:13:44 :  Invalid Param: DDR3_RST_ACT_LOW ==> 1
MIG: 21:13:44 : NOBUF
MIG: 21:13:44 : NONE
MIG: 21:13:44 : 
MIG: 21:13:44 : Same Interface
MIG: 21:13:45 : xml_input_file: board.prj
MIG: 21:13:45 : Absolute path of xml_input_file: c:/Users/DFEC/Basic_uBlaze/Basic_uBlaze.srcs/sources_1/bd/design_1/ip/design_1_mig_7series_0_0/board.prj
MIG: 21:13:45 : In updateAllModelParams
MIG: 21:13:45 : IGN:     <ModuleName>system_mig_7series_0_0</ModuleName> <==>     <ModuleName>design_1_mig_7series_0_0</ModuleName> 
MIG: 21:13:45 : ERR:     <Version>2.1</Version> <==>     <Version>4.1</Version> 
MIG: 21:13:45 : ################# RUNNING MIG BATCH ###################
MIG: 21:13:45 : Writing IN file for 'design_1_mig_7series_0_0'...compDirPath: c:/Xilinx/Vivado/2018.2/data/ip/xilinx/mig_7series_v4_1... instDirPath: c:/Users/DFEC/Basic_uBlaze/Basic_uBlaze.srcs/sources_1/bd/design_1/ip/design_1_mig_7series_0_0
MIG: 21:13:45 : synp_flow:  -- synthesis_mode: Other
MIG: 21:13:45 : outputDirectory: c:/Users/DFEC/Basic_uBlaze/Basic_uBlaze.srcs/sources_1/bd/design_1/ip/design_1_mig_7series_0_0/_tmp/
MIG: 21:13:45 : vivado_mode: xpg_bd
MIG: 21:13:45 : isPortInterface: 0
MIG: 21:13:45 : isPortInterface: 0
MIG: 21:13:45 : isPortInterface: 0
MIG: 21:13:45 : isPortInterface: 0
MIG: 21:13:45 : isPortInterface: 0
MIG: 21:13:45 : isPortInterface: 0
MIG: 21:13:45 : isPortInterface: 0
MIG: 21:13:45 : isPortInterface: 0
MIG: 21:13:45 : isPortInterface: 0
MIG: 21:13:45 : isPortInterface: 0
MIG: 21:13:45 : isPortInterface: 0
MIG: 21:13:45 : isPortInterface: 0
MIG: 21:13:45 : isPortInterface: 0
MIG: 21:13:45 : isPortInterface: 0
MIG: 21:13:45 : isPortInterface: 0
MIG: 21:13:45 : isPortInterface: 0
MIG: 21:13:45 : isPortInterface: 0
MIG: 21:13:45 : isPortInterface: 0
MIG: 21:13:45 : isPortInterface: 0
MIG: 21:13:45 : isPortInterface: 0
MIG: 21:13:45 : isPortInterface: 0
MIG: 21:13:45 : isPortInterface: 0
MIG: 21:13:45 : isPortInterface: 0
MIG: 21:13:45 : isPortInterface: 0
MIG: 21:13:45 : isPortInterface: 0
MIG: 21:13:45 : isPortInterface: 0
MIG: 21:13:45 : isPortInterface: 0
MIG: 21:13:45 : isPortInterface: 0
MIG: 21:13:45 : isPortInterface: 0
MIG: 21:13:45 : isPortInterface: 0
MIG: 21:13:45 : isPortInterface: 0
MIG: 21:13:45 : isPortInterface: 0
MIG: 21:13:45 : isPortInterface: 0
MIG: 21:13:45 : isPortInterface: 0
MIG: 21:13:45 : isPortInterface: 0
MIG: 21:13:45 : isPortInterface: 0
MIG: 21:13:45 : isPortInterface: 0
MIG: 21:13:45 : isPortInterface: 0
MIG: 21:13:45 : isPortInterface: 0
MIG: 21:13:45 : isPortInterface: 0
MIG: 21:13:45 : isPortInterface: 0
MIG: 21:13:45 : isPortInterface: 0
MIG: 21:13:45 : isPortInterface: 0
MIG: 21:13:46 : isPortInterface: 0
MIG: 21:13:46 : isPortInterface: 0
MIG: 21:13:46 : isPortInterface: 0
MIG: 21:13:46 : isPortInterface: 0
MIG: 21:13:46 : isPortInterface: 0
MIG: 21:13:46 : isPortInterface: 0
MIG: 21:13:46 : isPortInterface: 0
MIG: 21:13:46 : isPortInterface: 0
MIG: 21:13:46 : isPortInterface: 0
MIG: 21:13:46 : isPortInterface: 0
MIG: 21:13:46 : isPortInterface: 0
MIG: 21:13:46 : isPortInterface: 0
MIG: 21:13:46 : isPortInterface: 0
MIG: 21:13:46 : isPortInterface: 0
MIG: 21:13:46 : isPortInterface: 0
MIG: 21:13:46 : isPortInterface: 0
MIG: 21:13:46 : isPortInterface: 0
MIG: 21:13:46 : isPortInterface: 0
MIG: 21:13:46 : isPortInterface: 0
MIG: 21:13:46 : isPortInterface: 0
MIG: 21:13:46 : isPortInterface: 0
MIG: 21:13:46 : isPortInterface: 0
MIG: 21:13:46 : isPortInterface: 0
MIG: 21:13:46 : isPortInterface: 0
MIG: 21:13:46 : isPortInterface: 0
MIG: 21:13:46 : isPortInterface: 0
MIG: 21:13:46 : isPortInterface: 0
MIG: 21:13:46 : isPortInterface: 0
MIG: 21:13:46 : isPortInterface: 0
MIG: 21:13:46 : isPortInterface: 0
MIG: 21:13:46 : isPortInterface: 0
MIG: 21:13:46 : isPortInterface: 0
MIG: 21:13:46 : isPortInterface: 0
MIG: 21:13:46 : isPortInterface: 0
MIG: 21:13:46 : isPortInterface: 0
MIG: 21:13:46 : isPortInterface: 0
MIG: 21:13:46 : isPortInterface: 0
MIG: 21:13:46 : isPortInterface: 0
MIG: 21:13:46 : isPortInterface: 0
MIG: 21:13:46 : isPortInterface: 0
MIG: 21:13:46 : isPortInterface: 0
MIG: 21:13:46 : isPortInterface: 0
MIG: 21:13:46 : isPortInterface: 0
MIG: 21:13:46 : isPortInterface: 0
MIG: 21:13:46 : isPortInterface: 0
MIG: 21:13:46 : isPortInterface: 0
MIG: 21:13:46 : isPortInterface: 0
MIG: 21:13:46 : isPortInterface: 0
MIG: 21:13:46 : isPortInterface: 0
MIG: 21:13:46 : isPortInterface: 0
MIG: 21:13:46 : isPortInterface: 0
MIG: 21:13:46 : isPortInterface: 0
MIG: 21:13:46 : isPortInterface: 0
MIG: 21:13:47 : isPortInterface: 0
MIG: 21:13:47 : isPortInterface: 0
MIG: 21:13:47 : isPortInterface: 0
MIG: 21:13:47 : isPortInterface: 0
MIG: 21:13:47 : isPortInterface: 0
MIG: 21:13:47 : isPortInterface: 0
MIG: 21:13:47 : isPortInterface: 0
MIG: 21:13:47 : isPortInterface: 0
MIG: 21:13:47 : isPortInterface: 0
MIG: 21:13:47 : isPortInterface: 0
MIG: 21:13:47 : isPortInterface: 0
MIG: 21:13:47 : isPortInterface: 0
MIG: 21:13:47 : isPortInterface: 0
MIG: 21:13:47 : isPortInterface: 0
MIG: 21:13:47 : isPortInterface: 0
MIG: 21:13:47 : isPortInterface: 0
MIG: 21:13:47 : isPortInterface: 0
MIG: 21:13:47 : isPortInterface: 0
MIG: 21:13:47 : isPortInterface: 0
MIG: 21:13:47 : isPortInterface: 0
MIG: 21:13:47 : isPortInterface: 0
MIG: 21:13:47 : isPortInterface: 0
MIG: 21:13:47 : isPortInterface: 0
MIG: 21:13:47 : isPortInterface: 0
MIG: 21:13:47 : isPortInterface: 0
MIG: 21:13:47 : isPortInterface: 0
MIG: 21:13:47 : isPortInterface: 1
MIG: 21:13:47 : isPortInterface: 0
MIG: 21:13:47 : isPortInterface: 0
MIG: 21:13:47 : isPortInterface: 0
MIG: 21:13:47 : isPortInterface: 0
MIG: 21:13:47 : isPortInterface: 0
MIG: 21:13:47 : isPortInterface: 0
MIG: 21:13:47 : isPortInterface: 0
MIG: 21:13:47 : isPortInterface: 0
MIG: 21:13:47 : isPortInterface: 0
MIG: 21:13:47 : isPortInterface: 0
MIG: 21:13:47 :  locked false  
MIG: 21:13:47 : HDL Language: Verilog
MIG: 21:13:47 : compInfo: true
MIG: 21:13:47 : Vivado Options xc7a200t sbg484 -1
MIG: 21:13:47 : 1: xc7a200t 2: sbg484 3: -1
MIG: 21:13:49 : relative mig path: coregen/ip/xilinx/other/com/xilinx/ip/mig_7series_v4_1/bin/nt64/mig.exe
MIG: 21:13:49 : xilinx_path: C:/Xilinx/Vivado/2018.2/ids_lite/ISE
MIG: 21:13:49 : I am in catch area
MIG: 21:13:49 : Running C:/Xilinx/Vivado/2018.2/ids_lite/ISE/coregen/ip/xilinx/other/com/xilinx/ip/mig_7series_v4_1/bin/nt64/mig.exe -cg_exc_inp c:/Users/DFEC/Basic_uBlaze/Basic_uBlaze.srcs/sources_1/bd/design_1/ip/design_1_mig_7series_0_0/xil_txt.in -cg_exc_out c:/Users/DFEC/Basic_uBlaze/Basic_uBlaze.srcs/sources_1/bd/design_1/ip/design_1_mig_7series_0_0/xil_txt.out ... 
MIG: 21:14:16 : XML_INPUT_FILE: c:/Users/DFEC/Basic_uBlaze/Basic_uBlaze.srcs/sources_1/bd/design_1/ip/design_1_mig_7series_0_0/board.prj
MIG: 21:14:16 : Component_Name: design_1_mig_7series_0_0
MIG: 21:14:16 : Moving design_1_mig_7series_0_0 ...
MIG: 21:14:16 : Moving design_1_mig_7series_0_0.veo ...
MIG: 21:14:16 : Moving design_1_mig_7series_0_0_xmdf.tcl ...
MIG: 21:14:16 : XGUI hdlLanguage: Verilog
MIG: 21:14:16 : xgui vivado_mode: xpg_bd
MIG: 21:14:16 : xgui hdlLanguage: Verilog -- hdlExt: v
MIG: 21:14:16 : Reading C:/Users/DFEC/Basic_uBlaze/Basic_uBlaze.srcs/sources_1/bd/design_1/ip/design_1_mig_7series_0_0/design_1_mig_7series_0_0/user_design/rtl/design_1_mig_7series_0_0_mig.v ...
MIG: 21:14:18 : 
MIG: 21:14:18 : Inside fn mem: DDR3
MIG: 21:14:18 : detect_uiclk: 100000000
MIG: 21:14:18 : cntrl:  memtype: DDR3
MIG: 21:14:18 : 
MIG: 21:14:18 :  MMCM_VCO single ctrl param_name: MMCM_VCO --  possibleMaxVcoVal: 800 
MIG: 21:14:18 : 
MIG: 21:14:18 : 
MIG: 21:14:18 : 
MIG: 21:14:18 : 
MIG: 21:14:18 :  polarity_value: 1
MIG: 21:14:18 : 
MIG: 21:14:18 : 
MIG: 21:14:18 : cntrl:  memtype: DDR3
MIG: 21:14:18 : 
MIG: 21:14:18 :  Valid Param: DDR3_BANK_WIDTH ==> 3
MIG: 21:14:18 : 
MIG: 21:14:18 :  Valid Param: DDR3_CK_WIDTH ==> 1
MIG: 21:14:18 :  Invalid Param: DDR3_COL_WIDTH ==> 10
MIG: 21:14:18 : 
MIG: 21:14:18 :  Valid Param: DDR3_CS_WIDTH ==> 1
MIG: 21:14:18 : 
MIG: 21:14:18 :  Valid Param: DDR3_nCS_PER_RANK ==> 1
MIG: 21:14:18 : 
MIG: 21:14:18 :  Valid Param: DDR3_CKE_WIDTH ==> 1
MIG: 21:14:18 :  Invalid Param: DDR3_DATA_BUF_ADDR_WIDTH ==> 5
MIG: 21:14:18 :  Invalid Param: DDR3_DQ_CNT_WIDTH ==> 4
MIG: 21:14:18 :  Invalid Param: DDR3_DQ_PER_DM ==> 8
MIG: 21:14:18 : 
MIG: 21:14:18 :  Valid Param: DDR3_DM_WIDTH ==> 2
MIG: 21:14:18 : 
MIG: 21:14:18 :  Valid Param: DDR3_DQ_WIDTH ==> 16
MIG: 21:14:18 : 
MIG: 21:14:18 :  Valid Param: DDR3_DQS_WIDTH ==> 2
MIG: 21:14:18 : 
MIG: 21:14:18 :  Valid Param: DDR3_DQS_CNT_WIDTH ==> 1
MIG: 21:14:18 :  Invalid Param: DDR3_DRAM_WIDTH ==> 8
MIG: 21:14:18 : 
MIG: 21:14:18 :  Valid Param: ECC ==> OFF
MIG: 21:14:18 : 
MIG: 21:14:18 :  Valid Param: DDR3_DATA_WIDTH ==> 16
MIG: 21:14:18 :  Invalid Param: ECC_TEST ==> "OFF"
MIG: 21:14:18 :  Invalid Param: DDR3_PAYLOAD_WIDTH ==> (ECC_TEST == "OFF") ? DATA_WIDTH : DQ_WIDTH
MIG: 21:14:18 :  Invalid Param: DDR3_MEM_ADDR_ORDER ==> "BANK_ROW_COLUMN"
MIG: 21:14:18 :  Invalid Param: DDR3_nBANK_MACHS ==> 4
MIG: 21:14:18 :  Invalid Param: DDR3_RANKS ==> 1
MIG: 21:14:18 : 
MIG: 21:14:18 :  Valid Param: DDR3_ODT_WIDTH ==> 1
MIG: 21:14:18 : 
MIG: 21:14:18 :  Valid Param: DDR3_ROW_WIDTH ==> 15
MIG: 21:14:18 : 
MIG: 21:14:18 :  Valid Param: DDR3_ADDR_WIDTH ==> 29
MIG: 21:14:18 : 
MIG: 21:14:18 :  Valid Param: DDR3_USE_CS_PORT ==> 0
MIG: 21:14:18 : 
MIG: 21:14:18 :  Valid Param: DDR3_USE_DM_PORT ==> 1
MIG: 21:14:18 : 
MIG: 21:14:18 :  Valid Param: DDR3_USE_ODT_PORT ==> 1
MIG: 21:14:18 :  Invalid Param: DDR3_IS_CLK_SHARED ==> "FALSE"
MIG: 21:14:18 :  Invalid Param: DDR3_PHY_CONTROL_MASTER_BANK ==> 0
MIG: 21:14:19 :  Invalid Param: DDR3_MEM_DENSITY ==> "4Gb"
MIG: 21:14:19 :  Invalid Param: DDR3_MEM_SPEEDGRADE ==> "125"
MIG: 21:14:19 :  Invalid Param: DDR3_MEM_DEVICE_WIDTH ==> 16
MIG: 21:14:19 :  Invalid Param: DDR3_AL ==> "0"
MIG: 21:14:19 :  Invalid Param: DDR3_nAL ==> 0
MIG: 21:14:19 :  Invalid Param: DDR3_BURST_MODE ==> "8"
MIG: 21:14:19 :  Invalid Param: DDR3_BURST_TYPE ==> "SEQ"
MIG: 21:14:19 :  Invalid Param: DDR3_CL ==> 6
MIG: 21:14:19 :  Invalid Param: DDR3_CWL ==> 5
MIG: 21:14:19 :  Invalid Param: DDR3_OUTPUT_DRV ==> "HIGH"
MIG: 21:14:19 :  Invalid Param: DDR3_RTT_NOM ==> "40"
MIG: 21:14:19 :  Invalid Param: DDR3_RTT_WR ==> "OFF"
MIG: 21:14:19 :  Invalid Param: DDR3_ADDR_CMD_MODE ==> "1T"
MIG: 21:14:20 : 
MIG: 21:14:20 :  Valid Param: DDR3_REG_CTRL ==> OFF
MIG: 21:14:20 :  Invalid Param: DDR3_CA_MIRROR ==> "OFF"
MIG: 21:14:20 :  Invalid Param: DDR3_VDD_OP_VOLT ==> "150"
MIG: 21:14:20 :  Invalid Param: DDR3_CLKIN_PERIOD ==> 5000
MIG: 21:14:20 :  Invalid Param: DDR3_CLKFBOUT_MULT ==> 4
MIG: 21:14:20 :  Invalid Param: DDR3_DIVCLK_DIVIDE ==> 1
MIG: 21:14:20 :  Invalid Param: DDR3_CLKOUT0_PHASE ==> 0.0
MIG: 21:14:20 :  Invalid Param: DDR3_CLKOUT0_DIVIDE ==> 1
MIG: 21:14:20 :  Invalid Param: DDR3_CLKOUT1_DIVIDE ==> 2
MIG: 21:14:20 :  Invalid Param: DDR3_CLKOUT2_DIVIDE ==> 32
MIG: 21:14:20 :  Invalid Param: DDR3_CLKOUT3_DIVIDE ==> 8
MIG: 21:14:20 :  Invalid Param: DDR3_MMCM_VCO ==> 800
MIG: 21:14:20 :  Invalid Param: DDR3_MMCM_MULT_F ==> 8
MIG: 21:14:20 :  Invalid Param: DDR3_MMCM_DIVCLK_DIVIDE ==> 1
MIG: 21:14:20 :  Invalid Param: DDR3_tCKE ==> 5000
MIG: 21:14:20 :  Invalid Param: DDR3_tFAW ==> 40000
MIG: 21:14:20 :  Invalid Param: DDR3_tPRDI ==> 1_000_000
MIG: 21:14:20 :  Invalid Param: DDR3_tRAS ==> 35000
MIG: 21:14:20 :  Invalid Param: DDR3_tRCD ==> 13750
MIG: 21:14:20 :  Invalid Param: DDR3_tREFI ==> 7800000
MIG: 21:14:20 :  Invalid Param: DDR3_tRFC ==> 260000
MIG: 21:14:20 :  Invalid Param: DDR3_tRP ==> 13750
MIG: 21:14:20 :  Invalid Param: DDR3_tRRD ==> 7500
MIG: 21:14:20 :  Invalid Param: DDR3_tRTP ==> 7500
MIG: 21:14:20 :  Invalid Param: DDR3_tWTR ==> 7500
MIG: 21:14:20 :  Invalid Param: DDR3_tZQI ==> 128_000_000
MIG: 21:14:20 :  Invalid Param: DDR3_tZQCS ==> 64
MIG: 21:14:20 :  Invalid Param: DDR3_SIM_BYPASS_INIT_CAL ==> "OFF"
MIG: 21:14:20 :  Invalid Param: DDR3_SIMULATION ==> "FALSE"
MIG: 21:14:20 :  Invalid Param: DDR3_BYTE_LANES_B0 ==> 4'b1111
MIG: 21:14:20 :  Invalid Param: DDR3_BYTE_LANES_B1 ==> 4'b0000
MIG: 21:14:20 :  Invalid Param: DDR3_BYTE_LANES_B2 ==> 4'b0000
MIG: 21:14:20 :  Invalid Param: DDR3_BYTE_LANES_B3 ==> 4'b0000
MIG: 21:14:20 :  Invalid Param: DDR3_BYTE_LANES_B4 ==> 4'b0000
MIG: 21:14:20 :  Invalid Param: DDR3_DATA_CTL_B0 ==> 4'b1100
MIG: 21:14:20 :  Invalid Param: DDR3_DATA_CTL_B1 ==> 4'b0000
MIG: 21:14:20 :  Invalid Param: DDR3_DATA_CTL_B2 ==> 4'b0000
MIG: 21:14:20 :  Invalid Param: DDR3_DATA_CTL_B3 ==> 4'b0000
MIG: 21:14:20 :  Invalid Param: DDR3_DATA_CTL_B4 ==> 4'b0000
MIG: 21:14:20 :  Invalid Param: DDR3_PHY_0_BITLANES ==> 48'h3F7_3FE_FFF_BFF
MIG: 21:14:20 :  Invalid Param: DDR3_PHY_1_BITLANES ==> 48'h000_000_000_000
MIG: 21:14:20 :  Invalid Param: DDR3_PHY_2_BITLANES ==> 48'h000_000_000_000
MIG: 21:14:20 :  Invalid Param: DDR3_CK_BYTE_MAP ==> 144'h00_00_00_00_00_00_00_00_00_00_00_00_00_00_00_00_00_00
MIG: 21:14:20 :  Invalid Param: DDR3_ADDR_MAP ==> 192'h000_001_005_009_000_011_007_003_004_008_006_00B_01B_015_002_014
MIG: 21:14:20 :  Invalid Param: DDR3_BANK_MAP ==> 36'h010_013_017
MIG: 21:14:20 :  Invalid Param: DDR3_CAS_MAP ==> 12'h016
MIG: 21:14:20 :  Invalid Param: DDR3_CKE_ODT_BYTE_MAP ==> 8'h00
MIG: 21:14:20 :  Invalid Param: DDR3_CKE_MAP ==> 96'h000_000_000_000_000_000_000_012
MIG: 21:14:20 :  Invalid Param: DDR3_ODT_MAP ==> 96'h000_000_000_000_000_000_000_019
MIG: 21:14:20 :  Invalid Param: DDR3_CS_MAP ==> 120'h000_000_000_000_000_000_000_000_000_000
MIG: 21:14:20 :  Invalid Param: DDR3_PARITY_MAP ==> 12'h000
MIG: 21:14:20 :  Invalid Param: DDR3_RAS_MAP ==> 12'h018
MIG: 21:14:20 :  Invalid Param: DDR3_WE_MAP ==> 12'h01A
MIG: 21:14:20 :  Invalid Param: DDR3_DQS_BYTE_MAP ==> 144'h00_00_00_00_00_00_00_00_00_00_00_00_00_00_00_00_03_02
MIG: 21:14:20 :  Invalid Param: DDR3_DATA0_MAP ==> 96'h025_027_023_029_028_024_021_026
MIG: 21:14:20 :  Invalid Param: DDR3_DATA1_MAP ==> 96'h039_035_038_037_034_031_036_030
MIG: 21:14:20 :  Invalid Param: DDR3_DATA2_MAP ==> 96'h000_000_000_000_000_000_000_000
MIG: 21:14:20 :  Invalid Param: DDR3_DATA3_MAP ==> 96'h000_000_000_000_000_000_000_000
MIG: 21:14:20 :  Invalid Param: DDR3_DATA4_MAP ==> 96'h000_000_000_000_000_000_000_000
MIG: 21:14:20 :  Invalid Param: DDR3_DATA5_MAP ==> 96'h000_000_000_000_000_000_000_000
MIG: 21:14:20 :  Invalid Param: DDR3_DATA6_MAP ==> 96'h000_000_000_000_000_000_000_000
MIG: 21:14:20 :  Invalid Param: DDR3_DATA7_MAP ==> 96'h000_000_000_000_000_000_000_000
MIG: 21:14:20 :  Invalid Param: DDR3_DATA8_MAP ==> 96'h000_000_000_000_000_000_000_000
MIG: 21:14:20 :  Invalid Param: DDR3_DATA9_MAP ==> 96'h000_000_000_000_000_000_000_000
MIG: 21:14:20 :  Invalid Param: DDR3_DATA10_MAP ==> 96'h000_000_000_000_000_000_000_000
MIG: 21:14:21 :  Invalid Param: DDR3_DATA11_MAP ==> 96'h000_000_000_000_000_000_000_000
MIG: 21:14:21 :  Invalid Param: DDR3_DATA12_MAP ==> 96'h000_000_000_000_000_000_000_000
MIG: 21:14:21 :  Invalid Param: DDR3_DATA13_MAP ==> 96'h000_000_000_000_000_000_000_000
MIG: 21:14:21 :  Invalid Param: DDR3_DATA14_MAP ==> 96'h000_000_000_000_000_000_000_000
MIG: 21:14:21 :  Invalid Param: DDR3_DATA15_MAP ==> 96'h000_000_000_000_000_000_000_000
MIG: 21:14:21 :  Invalid Param: DDR3_DATA16_MAP ==> 96'h000_000_000_000_000_000_000_000
MIG: 21:14:21 :  Invalid Param: DDR3_DATA17_MAP ==> 96'h000_000_000_000_000_000_000_000
MIG: 21:14:21 :  Invalid Param: DDR3_MASK0_MAP ==> 108'h000_000_000_000_000_000_000_032_022
MIG: 21:14:21 :  Invalid Param: DDR3_MASK1_MAP ==> 108'h000_000_000_000_000_000_000_000_000
MIG: 21:14:21 :  Invalid Param: DDR3_SLOT_0_CONFIG ==> 8'b0000_0001
MIG: 21:14:21 :  Invalid Param: DDR3_SLOT_1_CONFIG ==> 8'b0000_0000
MIG: 21:14:21 :  Invalid Param: DDR3_IBUF_LPWR_MODE ==> "OFF"
MIG: 21:14:21 :  Invalid Param: DDR3_DATA_IO_IDLE_PWRDWN ==> "ON"
MIG: 21:14:21 :  Invalid Param: DDR3_BANK_TYPE ==> "HR_IO"
MIG: 21:14:21 :  Invalid Param: DDR3_DATA_IO_PRIM_TYPE ==> "HR_LP"
MIG: 21:14:21 :  Invalid Param: DDR3_CKE_ODT_AUX ==> "FALSE"
MIG: 21:14:21 :  Invalid Param: DDR3_USER_REFRESH ==> "OFF"
MIG: 21:14:21 :  Invalid Param: DDR3_WRLVL ==> "ON"
MIG: 21:14:21 :  Invalid Param: DDR3_ORDERING ==> "NORM"
MIG: 21:14:21 :  Invalid Param: DDR3_CALIB_ROW_ADD ==> 16'h0000
MIG: 21:14:21 :  Invalid Param: DDR3_CALIB_COL_ADD ==> 12'h000
MIG: 21:14:21 :  Invalid Param: DDR3_CALIB_BA_ADD ==> 3'h0
MIG: 21:14:21 :  Invalid Param: DDR3_TCQ ==> 100
MIG: 21:14:21 :  Invalid Param: DDR3_IDELAY_ADJ ==> "OFF"
MIG: 21:14:21 :  Invalid Param: DDR3_FINE_PER_BIT ==> "OFF"
MIG: 21:14:21 :  Invalid Param: DDR3_CENTER_COMP_MODE ==> "OFF"
MIG: 21:14:21 :  Invalid Param: DDR3_PI_VAL_ADJ ==> "OFF"
MIG: 21:14:21 :  Invalid Param: DDR3_IODELAY_GRP0 ==> "DESIGN_1_MIG_7SERIES_0_0_IODELAY_MIG0"
MIG: 21:14:21 :  Invalid Param: DDR3_IODELAY_GRP1 ==> "DESIGN_1_MIG_7SERIES_0_0_IODELAY_MIG1"
MIG: 21:14:21 :  Invalid Param: DDR3_SYSCLK_TYPE ==> "NO_BUFFER"
MIG: 21:14:21 :  Invalid Param: DDR3_REFCLK_TYPE ==> "USE_SYSTEM_CLOCK"
MIG: 21:14:21 :  Invalid Param: DDR3_SYS_RST_PORT ==> "FALSE"
MIG: 21:14:21 :  Invalid Param: DDR3_FPGA_SPEED_GRADE ==> 1
MIG: 21:14:21 :  Invalid Param: DDR3_CMD_PIPE_PLUS1 ==> "ON"
MIG: 21:14:21 :  Invalid Param: DDR3_DRAM_TYPE ==> "DDR3"
MIG: 21:14:21 :  Invalid Param: DDR3_CAL_WIDTH ==> "HALF"
MIG: 21:14:21 :  Invalid Param: DDR3_STARVE_LIMIT ==> 2
MIG: 21:14:21 :  Invalid Param: DDR3_REF_CLK_MMCM_IODELAY_CTRL ==> "FALSE"
MIG: 21:14:21 :  Invalid Param: DDR3_REFCLK_FREQ ==> 200.0
MIG: 21:14:21 :  Invalid Param: DDR3_DIFF_TERM_REFCLK ==> "TRUE"
MIG: 21:14:21 :  Invalid Param: DDR3_tCK ==> 2500
MIG: 21:14:21 : 
MIG: 21:14:21 :  Valid Param: DDR3_nCK_PER_CLK ==> 4
MIG: 21:14:21 :  Invalid Param: DDR3_DIFF_TERM_SYSCLK ==> "TRUE"
MIG: 21:14:21 : 
MIG: 21:14:21 :  Valid Param: UI_EXTRA_CLOCKS ==> FALSE
MIG: 21:14:21 : 
MIG: 21:14:21 :  Valid Param: C_S_AXI_ID_WIDTH ==> 2
MIG: 21:14:21 : 
MIG: 21:14:21 :  Valid Param: C_S_AXI_MEM_SIZE ==> 536870912
MIG: 21:14:21 : 
MIG: 21:14:21 :  Valid Param: C_S_AXI_ADDR_WIDTH ==> 29
MIG: 21:14:21 : 
MIG: 21:14:21 :  Valid Param: C_S_AXI_DATA_WIDTH ==> 32
MIG: 21:14:21 :  Invalid Param: DDR3_C_MC_nCK_PER_CLK ==> 4
MIG: 21:14:21 :  Invalid Param: C_S_AXI_SUPPORTS_NARROW_BURST ==> 0
MIG: 21:14:21 :  Invalid Param: DDR3_C_RD_WR_ARB_ALGORITHM ==> "RD_PRI_REG"
MIG: 21:14:21 :  Invalid Param: C_S_AXI_REG_EN0 ==> 20'h00000
MIG: 21:14:21 :  Invalid Param: C_S_AXI_REG_EN1 ==> 20'h00000
MIG: 21:14:21 : 
MIG: 21:14:21 :  Valid Param: C_S_AXI_CTRL_ADDR_WIDTH ==> 32
MIG: 21:14:21 : 
MIG: 21:14:21 :  Valid Param: C_S_AXI_CTRL_DATA_WIDTH ==> 32
MIG: 21:14:21 :  Invalid Param: C_S_AXI_BASEADDR ==> 32'h0000_0000
MIG: 21:14:21 :  Invalid Param: C_ECC_ONOFF_RESET_VALUE ==> 1
MIG: 21:14:21 :  Invalid Param: C_ECC_CE_COUNTER_WIDTH ==> 8
MIG: 21:14:21 : 
MIG: 21:14:21 :  Valid Param: DDR3_DEBUG_PORT ==> OFF
MIG: 21:14:21 : 
MIG: 21:14:21 :  Invalid Param: DDR3_TEMP_MON_CONTROL ==> "INTERNAL"
MIG: 21:14:21 :  Invalid Param: DDR3_FPGA_VOLT_TYPE ==> "N"
MIG: 21:14:21 :  Invalid Param: DDR3_RST_ACT_LOW ==> 1
MIG: 21:14:21 : 
MIG: 21:14:21 : 
MIG: 21:14:21 : 
MIG: 21:14:21 : Same Interface
MIG: 21:15:22 : xml_input_file: board.prj
MIG: 21:15:22 : Absolute path of xml_input_file: c:/Users/DFEC/Basic_uBlaze/Basic_uBlaze.srcs/sources_1/bd/design_1/ip/design_1_mig_7series_0_0/board.prj
MIG: 21:15:22 : In updateAllModelParams
MIG: 21:15:22 : IGN:     <ModuleName>system_mig_7series_0_0</ModuleName> <==>     <ModuleName>design_1_mig_7series_0_0</ModuleName> 
MIG: 21:15:22 : ERR:     <Version>2.1</Version> <==>     <Version>4.1</Version> 
MIG: 21:15:22 : ################# RUNNING MIG BATCH ###################
MIG: 21:15:22 : Writing IN file for 'design_1_mig_7series_0_0'...compDirPath: c:/Xilinx/Vivado/2018.2/data/ip/xilinx/mig_7series_v4_1... instDirPath: c:/Users/DFEC/Basic_uBlaze/Basic_uBlaze.srcs/sources_1/bd/design_1/ip/design_1_mig_7series_0_0
MIG: 21:15:22 : synp_flow:  -- synthesis_mode: Other
MIG: 21:15:22 : outputDirectory: c:/Users/DFEC/Basic_uBlaze/Basic_uBlaze.srcs/sources_1/bd/design_1/ip/design_1_mig_7series_0_0/_tmp/
MIG: 21:15:22 : vivado_mode: xpg_bd
MIG: 21:15:22 : isPortInterface: 0
MIG: 21:15:22 : isPortInterface: 0
MIG: 21:15:22 : isPortInterface: 0
MIG: 21:15:22 : isPortInterface: 0
MIG: 21:15:22 : isPortInterface: 0
MIG: 21:15:22 : isPortInterface: 0
MIG: 21:15:22 : isPortInterface: 0
MIG: 21:15:22 : isPortInterface: 0
MIG: 21:15:22 : isPortInterface: 0
MIG: 21:15:22 : isPortInterface: 0
MIG: 21:15:22 : isPortInterface: 0
MIG: 21:15:22 : isPortInterface: 0
MIG: 21:15:22 : isPortInterface: 0
MIG: 21:15:22 : isPortInterface: 0
MIG: 21:15:22 : isPortInterface: 0
MIG: 21:15:22 : isPortInterface: 0
MIG: 21:15:22 : isPortInterface: 0
MIG: 21:15:22 : isPortInterface: 0
MIG: 21:15:22 : isPortInterface: 0
MIG: 21:15:22 : isPortInterface: 0
MIG: 21:15:22 : isPortInterface: 0
MIG: 21:15:22 : isPortInterface: 0
MIG: 21:15:22 : isPortInterface: 0
MIG: 21:15:22 : isPortInterface: 0
MIG: 21:15:22 : isPortInterface: 0
MIG: 21:15:22 : isPortInterface: 0
MIG: 21:15:22 : isPortInterface: 0
MIG: 21:15:22 : isPortInterface: 0
MIG: 21:15:22 : isPortInterface: 0
MIG: 21:15:22 : isPortInterface: 0
MIG: 21:15:22 : isPortInterface: 0
MIG: 21:15:22 : isPortInterface: 0
MIG: 21:15:22 : isPortInterface: 0
MIG: 21:15:22 : isPortInterface: 0
MIG: 21:15:22 : isPortInterface: 0
MIG: 21:15:22 : isPortInterface: 0
MIG: 21:15:22 : isPortInterface: 0
MIG: 21:15:22 : isPortInterface: 0
MIG: 21:15:22 : isPortInterface: 0
MIG: 21:15:22 : isPortInterface: 0
MIG: 21:15:22 : isPortInterface: 0
MIG: 21:15:22 : isPortInterface: 0
MIG: 21:15:23 : isPortInterface: 0
MIG: 21:15:23 : isPortInterface: 0
MIG: 21:15:23 : isPortInterface: 0
MIG: 21:15:23 : isPortInterface: 0
MIG: 21:15:23 : isPortInterface: 0
MIG: 21:15:23 : isPortInterface: 0
MIG: 21:15:23 : isPortInterface: 0
MIG: 21:15:23 : isPortInterface: 0
MIG: 21:15:23 : isPortInterface: 0
MIG: 21:15:23 : isPortInterface: 0
MIG: 21:15:23 : isPortInterface: 0
MIG: 21:15:23 : isPortInterface: 0
MIG: 21:15:23 : isPortInterface: 0
MIG: 21:15:23 : isPortInterface: 0
MIG: 21:15:23 : isPortInterface: 0
MIG: 21:15:23 : isPortInterface: 0
MIG: 21:15:23 : isPortInterface: 0
MIG: 21:15:23 : isPortInterface: 0
MIG: 21:15:23 : isPortInterface: 0
MIG: 21:15:23 : isPortInterface: 0
MIG: 21:15:23 : isPortInterface: 0
MIG: 21:15:23 : isPortInterface: 0
MIG: 21:15:23 : isPortInterface: 0
MIG: 21:15:23 : isPortInterface: 0
MIG: 21:15:23 : isPortInterface: 0
MIG: 21:15:23 : isPortInterface: 0
MIG: 21:15:23 : isPortInterface: 0
MIG: 21:15:23 : isPortInterface: 0
MIG: 21:15:23 : isPortInterface: 0
MIG: 21:15:23 : isPortInterface: 0
MIG: 21:15:23 : isPortInterface: 0
MIG: 21:15:23 : isPortInterface: 0
MIG: 21:15:23 : isPortInterface: 0
MIG: 21:15:23 : isPortInterface: 0
MIG: 21:15:23 : isPortInterface: 0
MIG: 21:15:23 : isPortInterface: 0
MIG: 21:15:23 : isPortInterface: 0
MIG: 21:15:23 : isPortInterface: 0
MIG: 21:15:23 : isPortInterface: 0
MIG: 21:15:23 : isPortInterface: 0
MIG: 21:15:23 : isPortInterface: 0
MIG: 21:15:23 : isPortInterface: 0
MIG: 21:15:23 : isPortInterface: 0
MIG: 21:15:23 : isPortInterface: 0
MIG: 21:15:22 : isPortInterface: 0
MIG: 21:15:22 : isPortInterface: 0
MIG: 21:15:22 : isPortInterface: 0
MIG: 21:15:22 : isPortInterface: 0
MIG: 21:15:22 : isPortInterface: 0
MIG: 21:15:22 : isPortInterface: 0
MIG: 21:15:22 : isPortInterface: 0
MIG: 21:15:22 : isPortInterface: 0
MIG: 21:15:22 : isPortInterface: 0
MIG: 21:15:22 : isPortInterface: 0
MIG: 21:15:22 : isPortInterface: 0
MIG: 21:15:22 : isPortInterface: 0
MIG: 21:15:22 : isPortInterface: 0
MIG: 21:15:22 : isPortInterface: 0
MIG: 21:15:22 : isPortInterface: 0
MIG: 21:15:22 : isPortInterface: 0
MIG: 21:15:22 : isPortInterface: 0
MIG: 21:15:22 : isPortInterface: 0
MIG: 21:15:22 : isPortInterface: 0
MIG: 21:15:22 : isPortInterface: 0
MIG: 21:15:22 : isPortInterface: 0
MIG: 21:15:22 : isPortInterface: 0
MIG: 21:15:22 : isPortInterface: 0
MIG: 21:15:22 : isPortInterface: 0
MIG: 21:15:22 : isPortInterface: 0
MIG: 21:15:22 : isPortInterface: 0
MIG: 21:15:22 : isPortInterface: 0
MIG: 21:15:22 : isPortInterface: 0
MIG: 21:15:22 : isPortInterface: 0
MIG: 21:15:22 : isPortInterface: 0
MIG: 21:15:22 : isPortInterface: 0
MIG: 21:15:22 : isPortInterface: 0
MIG: 21:15:22 : isPortInterface: 0
MIG: 21:15:22 : isPortInterface: 0
MIG: 21:15:22 : isPortInterface: 0
MIG: 21:15:22 : isPortInterface: 0
MIG: 21:15:22 : isPortInterface: 1
MIG: 21:15:22 : isPortInterface: 0
MIG: 21:15:22 : isPortInterface: 0
MIG: 21:15:22 : isPortInterface: 0
MIG: 21:15:22 : isPortInterface: 0
MIG: 21:15:22 : isPortInterface: 0
MIG: 21:15:23 : isPortInterface: 0
MIG: 21:15:23 : isPortInterface: 0
MIG: 21:15:23 : isPortInterface: 0
MIG: 21:15:23 : isPortInterface: 0
MIG: 21:15:23 : isPortInterface: 0
MIG: 21:15:23 :  locked false  
MIG: 21:15:23 : HDL Language: Verilog
MIG: 21:15:23 : compInfo: true
MIG: 21:15:23 : Vivado Options xc7a200t sbg484 -1
MIG: 21:15:23 : 1: xc7a200t 2: sbg484 3: -1
MIG: 21:15:23 : relative mig path: coregen/ip/xilinx/other/com/xilinx/ip/mig_7series_v4_1/bin/nt64/mig.exe
MIG: 21:15:23 : xilinx_path: C:/Xilinx/Vivado/2018.2/ids_lite/ISE
MIG: 21:15:23 : I am in catch area
MIG: 21:15:23 : Running C:/Xilinx/Vivado/2018.2/ids_lite/ISE/coregen/ip/xilinx/other/com/xilinx/ip/mig_7series_v4_1/bin/nt64/mig.exe -cg_exc_inp c:/Users/DFEC/Basic_uBlaze/Basic_uBlaze.srcs/sources_1/bd/design_1/ip/design_1_mig_7series_0_0/xil_txt.in -cg_exc_out c:/Users/DFEC/Basic_uBlaze/Basic_uBlaze.srcs/sources_1/bd/design_1/ip/design_1_mig_7series_0_0/xil_txt.out ... 
MIG: 21:15:40 : XML_INPUT_FILE: c:/Users/DFEC/Basic_uBlaze/Basic_uBlaze.srcs/sources_1/bd/design_1/ip/design_1_mig_7series_0_0/board.prj
MIG: 21:15:40 : Component_Name: design_1_mig_7series_0_0
MIG: 21:15:40 : Moving design_1_mig_7series_0_0 ...
MIG: 21:15:40 : Moving design_1_mig_7series_0_0.veo ...
MIG: 21:15:40 : Moving design_1_mig_7series_0_0_xmdf.tcl ...
MIG: 21:15:40 : XGUI hdlLanguage: Verilog
MIG: 21:15:40 : xgui vivado_mode: xpg_bd
MIG: 21:15:40 : xgui hdlLanguage: Verilog -- hdlExt: v
MIG: 21:15:40 : Reading C:/Users/DFEC/Basic_uBlaze/Basic_uBlaze.srcs/sources_1/bd/design_1/ip/design_1_mig_7series_0_0/design_1_mig_7series_0_0/user_design/rtl/design_1_mig_7series_0_0_mig.v ...
MIG: 21:15:42 : 
MIG: 21:15:42 : Inside fn mem: DDR3
MIG: 21:15:42 : detect_uiclk: 100000000
MIG: 21:15:42 : cntrl:  memtype: DDR3
MIG: 21:15:42 : 
MIG: 21:15:42 :  MMCM_VCO single ctrl param_name: MMCM_VCO --  possibleMaxVcoVal: 800 
MIG: 21:15:42 : 
MIG: 21:15:42 : 
MIG: 21:15:42 : 
MIG: 21:15:42 : 
MIG: 21:15:42 :  polarity_value: 1
MIG: 21:15:42 : 
MIG: 21:15:42 : 
MIG: 21:15:42 : cntrl:  memtype: DDR3
MIG: 21:15:42 : 
MIG: 21:15:42 :  Valid Param: DDR3_BANK_WIDTH ==> 3
MIG: 21:15:42 : 
MIG: 21:15:42 :  Valid Param: DDR3_CK_WIDTH ==> 1
MIG: 21:15:42 :  Invalid Param: DDR3_COL_WIDTH ==> 10
MIG: 21:15:42 : 
MIG: 21:15:42 :  Valid Param: DDR3_CS_WIDTH ==> 1
MIG: 21:15:42 : 
MIG: 21:15:42 :  Valid Param: DDR3_nCS_PER_RANK ==> 1
MIG: 21:15:42 : 
MIG: 21:15:42 :  Valid Param: DDR3_CKE_WIDTH ==> 1
MIG: 21:15:42 :  Invalid Param: DDR3_DATA_BUF_ADDR_WIDTH ==> 5
MIG: 21:15:42 :  Invalid Param: DDR3_DQ_CNT_WIDTH ==> 4
MIG: 21:15:42 :  Invalid Param: DDR3_DQ_PER_DM ==> 8
MIG: 21:15:42 : 
MIG: 21:15:42 :  Valid Param: DDR3_DM_WIDTH ==> 2
MIG: 21:15:42 : 
MIG: 21:15:42 :  Valid Param: DDR3_DQ_WIDTH ==> 16
MIG: 21:15:42 : 
MIG: 21:15:42 :  Valid Param: DDR3_DQS_WIDTH ==> 2
MIG: 21:15:42 : 
MIG: 21:15:42 :  Valid Param: DDR3_DQS_CNT_WIDTH ==> 1
MIG: 21:15:42 :  Invalid Param: DDR3_DRAM_WIDTH ==> 8
MIG: 21:15:42 : 
MIG: 21:15:42 :  Valid Param: ECC ==> OFF
MIG: 21:15:42 : 
MIG: 21:15:42 :  Valid Param: DDR3_DATA_WIDTH ==> 16
MIG: 21:15:42 :  Invalid Param: ECC_TEST ==> "OFF"
MIG: 21:15:42 :  Invalid Param: DDR3_PAYLOAD_WIDTH ==> (ECC_TEST == "OFF") ? DATA_WIDTH : DQ_WIDTH
MIG: 21:15:42 :  Invalid Param: DDR3_MEM_ADDR_ORDER ==> "BANK_ROW_COLUMN"
MIG: 21:15:42 :  Invalid Param: DDR3_nBANK_MACHS ==> 4
MIG: 21:15:42 :  Invalid Param: DDR3_RANKS ==> 1
MIG: 21:15:42 : 
MIG: 21:15:42 :  Valid Param: DDR3_ODT_WIDTH ==> 1
MIG: 21:15:42 : 
MIG: 21:15:42 :  Valid Param: DDR3_ROW_WIDTH ==> 15
MIG: 21:15:42 : 
MIG: 21:15:42 :  Valid Param: DDR3_ADDR_WIDTH ==> 29
MIG: 21:15:42 : 
MIG: 21:15:42 :  Valid Param: DDR3_USE_CS_PORT ==> 0
MIG: 21:15:42 : 
MIG: 21:15:42 :  Valid Param: DDR3_USE_DM_PORT ==> 1
MIG: 21:15:42 : 
MIG: 21:15:42 :  Valid Param: DDR3_USE_ODT_PORT ==> 1
MIG: 21:15:42 :  Invalid Param: DDR3_IS_CLK_SHARED ==> "FALSE"
MIG: 21:15:42 :  Invalid Param: DDR3_PHY_CONTROL_MASTER_BANK ==> 0
MIG: 21:15:43 :  Invalid Param: DDR3_MEM_DENSITY ==> "4Gb"
MIG: 21:15:43 :  Invalid Param: DDR3_MEM_SPEEDGRADE ==> "125"
MIG: 21:15:43 :  Invalid Param: DDR3_MEM_DEVICE_WIDTH ==> 16
MIG: 21:15:43 :  Invalid Param: DDR3_AL ==> "0"
MIG: 21:15:43 :  Invalid Param: DDR3_nAL ==> 0
MIG: 21:15:43 :  Invalid Param: DDR3_BURST_MODE ==> "8"
MIG: 21:15:43 :  Invalid Param: DDR3_BURST_TYPE ==> "SEQ"
MIG: 21:15:43 :  Invalid Param: DDR3_CL ==> 6
MIG: 21:15:43 :  Invalid Param: DDR3_CWL ==> 5
MIG: 21:15:43 :  Invalid Param: DDR3_OUTPUT_DRV ==> "HIGH"
MIG: 21:15:43 :  Invalid Param: DDR3_RTT_NOM ==> "40"
MIG: 21:15:43 :  Invalid Param: DDR3_RTT_WR ==> "OFF"
MIG: 21:15:43 :  Invalid Param: DDR3_ADDR_CMD_MODE ==> "1T"
MIG: 21:15:43 : 
MIG: 21:15:43 :  Valid Param: DDR3_REG_CTRL ==> OFF
MIG: 21:15:43 :  Invalid Param: DDR3_CA_MIRROR ==> "OFF"
MIG: 21:15:43 :  Invalid Param: DDR3_VDD_OP_VOLT ==> "150"
MIG: 21:15:43 :  Invalid Param: DDR3_CLKIN_PERIOD ==> 5000
MIG: 21:15:43 :  Invalid Param: DDR3_CLKFBOUT_MULT ==> 4
MIG: 21:15:43 :  Invalid Param: DDR3_DIVCLK_DIVIDE ==> 1
MIG: 21:15:43 :  Invalid Param: DDR3_CLKOUT0_PHASE ==> 0.0
MIG: 21:15:43 :  Invalid Param: DDR3_CLKOUT0_DIVIDE ==> 1
MIG: 21:15:43 :  Invalid Param: DDR3_CLKOUT1_DIVIDE ==> 2
MIG: 21:15:43 :  Invalid Param: DDR3_CLKOUT2_DIVIDE ==> 32
MIG: 21:15:43 :  Invalid Param: DDR3_CLKOUT3_DIVIDE ==> 8
MIG: 21:15:43 :  Invalid Param: DDR3_MMCM_VCO ==> 800
MIG: 21:15:43 :  Invalid Param: DDR3_MMCM_MULT_F ==> 8
MIG: 21:15:43 :  Invalid Param: DDR3_MMCM_DIVCLK_DIVIDE ==> 1
MIG: 21:15:43 :  Invalid Param: DDR3_tCKE ==> 5000
MIG: 21:15:43 :  Invalid Param: DDR3_tFAW ==> 40000
MIG: 21:15:43 :  Invalid Param: DDR3_tPRDI ==> 1_000_000
MIG: 21:15:43 :  Invalid Param: DDR3_tRAS ==> 35000
MIG: 21:15:43 :  Invalid Param: DDR3_tRCD ==> 13750
MIG: 21:15:43 :  Invalid Param: DDR3_tREFI ==> 7800000
MIG: 21:15:43 :  Invalid Param: DDR3_tRFC ==> 260000
MIG: 21:15:43 :  Invalid Param: DDR3_tRP ==> 13750
MIG: 21:15:43 :  Invalid Param: DDR3_tRRD ==> 7500
MIG: 21:15:43 :  Invalid Param: DDR3_tRTP ==> 7500
MIG: 21:15:43 :  Invalid Param: DDR3_tWTR ==> 7500
MIG: 21:15:43 :  Invalid Param: DDR3_tZQI ==> 128_000_000
MIG: 21:15:43 :  Invalid Param: DDR3_tZQCS ==> 64
MIG: 21:15:43 :  Invalid Param: DDR3_SIM_BYPASS_INIT_CAL ==> "OFF"
MIG: 21:15:43 :  Invalid Param: DDR3_SIMULATION ==> "FALSE"
MIG: 21:15:43 :  Invalid Param: DDR3_BYTE_LANES_B0 ==> 4'b1111
MIG: 21:15:43 :  Invalid Param: DDR3_BYTE_LANES_B1 ==> 4'b0000
MIG: 21:15:43 :  Invalid Param: DDR3_BYTE_LANES_B2 ==> 4'b0000
MIG: 21:15:43 :  Invalid Param: DDR3_BYTE_LANES_B3 ==> 4'b0000
MIG: 21:15:43 :  Invalid Param: DDR3_BYTE_LANES_B4 ==> 4'b0000
MIG: 21:15:43 :  Invalid Param: DDR3_DATA_CTL_B0 ==> 4'b1100
MIG: 21:15:43 :  Invalid Param: DDR3_DATA_CTL_B1 ==> 4'b0000
MIG: 21:15:43 :  Invalid Param: DDR3_DATA_CTL_B2 ==> 4'b0000
MIG: 21:15:43 :  Invalid Param: DDR3_DATA_CTL_B3 ==> 4'b0000
MIG: 21:15:43 :  Invalid Param: DDR3_DATA_CTL_B4 ==> 4'b0000
MIG: 21:15:43 :  Invalid Param: DDR3_PHY_0_BITLANES ==> 48'h3F7_3FE_FFF_BFF
MIG: 21:15:43 :  Invalid Param: DDR3_PHY_1_BITLANES ==> 48'h000_000_000_000
MIG: 21:15:43 :  Invalid Param: DDR3_PHY_2_BITLANES ==> 48'h000_000_000_000
MIG: 21:15:43 :  Invalid Param: DDR3_CK_BYTE_MAP ==> 144'h00_00_00_00_00_00_00_00_00_00_00_00_00_00_00_00_00_00
MIG: 21:15:43 :  Invalid Param: DDR3_ADDR_MAP ==> 192'h000_001_005_009_000_011_007_003_004_008_006_00B_01B_015_002_014
MIG: 21:15:43 :  Invalid Param: DDR3_BANK_MAP ==> 36'h010_013_017
MIG: 21:15:43 :  Invalid Param: DDR3_CAS_MAP ==> 12'h016
MIG: 21:15:43 :  Invalid Param: DDR3_CKE_ODT_BYTE_MAP ==> 8'h00
MIG: 21:15:43 :  Invalid Param: DDR3_CKE_MAP ==> 96'h000_000_000_000_000_000_000_012
MIG: 21:15:43 :  Invalid Param: DDR3_ODT_MAP ==> 96'h000_000_000_000_000_000_000_019
MIG: 21:15:43 :  Invalid Param: DDR3_CS_MAP ==> 120'h000_000_000_000_000_000_000_000_000_000
MIG: 21:15:43 :  Invalid Param: DDR3_PARITY_MAP ==> 12'h000
MIG: 21:15:43 :  Invalid Param: DDR3_RAS_MAP ==> 12'h018
MIG: 21:15:43 :  Invalid Param: DDR3_WE_MAP ==> 12'h01A
MIG: 21:15:43 :  Invalid Param: DDR3_DQS_BYTE_MAP ==> 144'h00_00_00_00_00_00_00_00_00_00_00_00_00_00_00_00_03_02
MIG: 21:15:43 :  Invalid Param: DDR3_DATA0_MAP ==> 96'h025_027_023_029_028_024_021_026
MIG: 21:15:43 :  Invalid Param: DDR3_DATA1_MAP ==> 96'h039_035_038_037_034_031_036_030
MIG: 21:15:43 :  Invalid Param: DDR3_DATA2_MAP ==> 96'h000_000_000_000_000_000_000_000
MIG: 21:15:43 :  Invalid Param: DDR3_DATA3_MAP ==> 96'h000_000_000_000_000_000_000_000
MIG: 21:15:43 :  Invalid Param: DDR3_DATA4_MAP ==> 96'h000_000_000_000_000_000_000_000
MIG: 21:15:43 :  Invalid Param: DDR3_DATA5_MAP ==> 96'h000_000_000_000_000_000_000_000
MIG: 21:15:43 :  Invalid Param: DDR3_DATA6_MAP ==> 96'h000_000_000_000_000_000_000_000
MIG: 21:15:43 :  Invalid Param: DDR3_DATA7_MAP ==> 96'h000_000_000_000_000_000_000_000
MIG: 21:15:43 :  Invalid Param: DDR3_DATA8_MAP ==> 96'h000_000_000_000_000_000_000_000
MIG: 21:15:43 :  Invalid Param: DDR3_DATA9_MAP ==> 96'h000_000_000_000_000_000_000_000
MIG: 21:15:43 :  Invalid Param: DDR3_DATA10_MAP ==> 96'h000_000_000_000_000_000_000_000
MIG: 21:15:43 :  Invalid Param: DDR3_DATA11_MAP ==> 96'h000_000_000_000_000_000_000_000
MIG: 21:15:43 :  Invalid Param: DDR3_DATA12_MAP ==> 96'h000_000_000_000_000_000_000_000
MIG: 21:15:43 :  Invalid Param: DDR3_DATA13_MAP ==> 96'h000_000_000_000_000_000_000_000
MIG: 21:15:44 :  Invalid Param: DDR3_DATA14_MAP ==> 96'h000_000_000_000_000_000_000_000
MIG: 21:15:44 :  Invalid Param: DDR3_DATA15_MAP ==> 96'h000_000_000_000_000_000_000_000
MIG: 21:15:44 :  Invalid Param: DDR3_DATA16_MAP ==> 96'h000_000_000_000_000_000_000_000
MIG: 21:15:44 :  Invalid Param: DDR3_DATA17_MAP ==> 96'h000_000_000_000_000_000_000_000
MIG: 21:15:44 :  Invalid Param: DDR3_MASK0_MAP ==> 108'h000_000_000_000_000_000_000_032_022
MIG: 21:15:44 :  Invalid Param: DDR3_MASK1_MAP ==> 108'h000_000_000_000_000_000_000_000_000
MIG: 21:15:44 :  Invalid Param: DDR3_SLOT_0_CONFIG ==> 8'b0000_0001
MIG: 21:15:44 :  Invalid Param: DDR3_SLOT_1_CONFIG ==> 8'b0000_0000
MIG: 21:15:44 :  Invalid Param: DDR3_IBUF_LPWR_MODE ==> "OFF"
MIG: 21:15:44 :  Invalid Param: DDR3_DATA_IO_IDLE_PWRDWN ==> "ON"
MIG: 21:15:44 :  Invalid Param: DDR3_BANK_TYPE ==> "HR_IO"
MIG: 21:15:44 :  Invalid Param: DDR3_DATA_IO_PRIM_TYPE ==> "HR_LP"
MIG: 21:15:44 :  Invalid Param: DDR3_CKE_ODT_AUX ==> "FALSE"
MIG: 21:15:44 :  Invalid Param: DDR3_USER_REFRESH ==> "OFF"
MIG: 21:15:44 :  Invalid Param: DDR3_WRLVL ==> "ON"
MIG: 21:15:44 :  Invalid Param: DDR3_ORDERING ==> "NORM"
MIG: 21:15:44 :  Invalid Param: DDR3_CALIB_ROW_ADD ==> 16'h0000
MIG: 21:15:44 :  Invalid Param: DDR3_CALIB_COL_ADD ==> 12'h000
MIG: 21:15:44 :  Invalid Param: DDR3_CALIB_BA_ADD ==> 3'h0
MIG: 21:15:44 :  Invalid Param: DDR3_TCQ ==> 100
MIG: 21:15:44 :  Invalid Param: DDR3_IDELAY_ADJ ==> "OFF"
MIG: 21:15:44 :  Invalid Param: DDR3_FINE_PER_BIT ==> "OFF"
MIG: 21:15:44 :  Invalid Param: DDR3_CENTER_COMP_MODE ==> "OFF"
MIG: 21:15:44 :  Invalid Param: DDR3_PI_VAL_ADJ ==> "OFF"
MIG: 21:15:44 :  Invalid Param: DDR3_IODELAY_GRP0 ==> "DESIGN_1_MIG_7SERIES_0_0_IODELAY_MIG0"
MIG: 21:15:44 :  Invalid Param: DDR3_IODELAY_GRP1 ==> "DESIGN_1_MIG_7SERIES_0_0_IODELAY_MIG1"
MIG: 21:15:44 :  Invalid Param: DDR3_SYSCLK_TYPE ==> "NO_BUFFER"
MIG: 21:15:44 :  Invalid Param: DDR3_REFCLK_TYPE ==> "USE_SYSTEM_CLOCK"
MIG: 21:15:44 :  Invalid Param: DDR3_SYS_RST_PORT ==> "FALSE"
MIG: 21:15:44 :  Invalid Param: DDR3_FPGA_SPEED_GRADE ==> 1
MIG: 21:15:44 :  Invalid Param: DDR3_CMD_PIPE_PLUS1 ==> "ON"
MIG: 21:15:44 :  Invalid Param: DDR3_DRAM_TYPE ==> "DDR3"
MIG: 21:15:44 :  Invalid Param: DDR3_CAL_WIDTH ==> "HALF"
MIG: 21:15:44 :  Invalid Param: DDR3_STARVE_LIMIT ==> 2
MIG: 21:15:44 :  Invalid Param: DDR3_REF_CLK_MMCM_IODELAY_CTRL ==> "FALSE"
MIG: 21:15:44 :  Invalid Param: DDR3_REFCLK_FREQ ==> 200.0
MIG: 21:15:44 :  Invalid Param: DDR3_DIFF_TERM_REFCLK ==> "TRUE"
MIG: 21:15:44 :  Invalid Param: DDR3_tCK ==> 2500
MIG: 21:15:44 : 
MIG: 21:15:44 :  Valid Param: DDR3_nCK_PER_CLK ==> 4
MIG: 21:15:44 :  Invalid Param: DDR3_DIFF_TERM_SYSCLK ==> "TRUE"
MIG: 21:15:44 : 
MIG: 21:15:44 :  Valid Param: UI_EXTRA_CLOCKS ==> FALSE
MIG: 21:15:44 : 
MIG: 21:15:44 :  Valid Param: C_S_AXI_ID_WIDTH ==> 2
MIG: 21:15:44 : 
MIG: 21:15:44 :  Valid Param: C_S_AXI_MEM_SIZE ==> 536870912
MIG: 21:15:44 : 
MIG: 21:15:44 :  Valid Param: C_S_AXI_ADDR_WIDTH ==> 29
MIG: 21:15:44 : 
MIG: 21:15:44 :  Valid Param: C_S_AXI_DATA_WIDTH ==> 32
MIG: 21:15:44 :  Invalid Param: DDR3_C_MC_nCK_PER_CLK ==> 4
MIG: 21:15:44 :  Invalid Param: C_S_AXI_SUPPORTS_NARROW_BURST ==> 0
MIG: 21:15:44 :  Invalid Param: DDR3_C_RD_WR_ARB_ALGORITHM ==> "RD_PRI_REG"
MIG: 21:15:44 :  Invalid Param: C_S_AXI_REG_EN0 ==> 20'h00000
MIG: 21:15:44 :  Invalid Param: C_S_AXI_REG_EN1 ==> 20'h00000
MIG: 21:15:44 : 
MIG: 21:15:44 :  Valid Param: C_S_AXI_CTRL_ADDR_WIDTH ==> 32
MIG: 21:15:44 : 
MIG: 21:15:44 :  Valid Param: C_S_AXI_CTRL_DATA_WIDTH ==> 32
MIG: 21:15:44 :  Invalid Param: C_S_AXI_BASEADDR ==> 32'h0000_0000
MIG: 21:15:44 :  Invalid Param: C_ECC_ONOFF_RESET_VALUE ==> 1
MIG: 21:15:44 :  Invalid Param: C_ECC_CE_COUNTER_WIDTH ==> 8
MIG: 21:15:44 : 
MIG: 21:15:44 :  Valid Param: DDR3_DEBUG_PORT ==> OFF
MIG: 21:15:44 : 
MIG: 21:15:44 :  Invalid Param: DDR3_TEMP_MON_CONTROL ==> "INTERNAL"
MIG: 21:15:44 :  Invalid Param: DDR3_FPGA_VOLT_TYPE ==> "N"
MIG: 21:15:44 :  Invalid Param: DDR3_RST_ACT_LOW ==> 1
MIG: 21:15:44 : 
MIG: 21:15:44 : 
MIG: 21:15:44 : 
MIG: 21:15:44 : Same Interface
MIG: 20:27:53 : Running synthesis.xit
MIG: 20:27:53 : IGN:     <ModuleName>system_mig_7series_0_0</ModuleName> <==>     <ModuleName>design_1_mig_7series_0_0</ModuleName> 
MIG: 20:27:53 : ERR:     <Version>2.1</Version> <==>     <Version>4.1</Version> 
MIG: 20:27:53 : ################# RUNNING MIG BATCH ###################
MIG: 20:27:53 : Writing IN file for 'design_1_mig_7series_0_0'...compDirPath: c:/Xilinx/Vivado/2018.2/data/ip/xilinx/mig_7series_v4_1... instDirPath: c:/Users/DFEC/Projects/basic_ublaze/Basic_uBlaze.srcs/sources_1/bd/design_1/ip/design_1_mig_7series_0_0
MIG: 20:27:53 : synp_flow:  -- synthesis_mode: Other
MIG: 20:27:53 : outputDirectory: c:/Users/DFEC/Projects/basic_ublaze/Basic_uBlaze.srcs/sources_1/bd/design_1/ip/design_1_mig_7series_0_0/_tmp/
MIG: 20:27:53 : vivado_mode: xpg_bd
MIG: 20:27:53 : isPortInterface: 0
MIG: 20:27:53 : isPortInterface: 0
MIG: 20:27:53 : isPortInterface: 0
MIG: 20:27:53 : isPortInterface: 0
MIG: 20:27:53 : isPortInterface: 0
MIG: 20:27:53 : isPortInterface: 0
MIG: 20:27:53 : isPortInterface: 0
MIG: 20:27:53 : isPortInterface: 0
MIG: 20:27:53 : isPortInterface: 0
MIG: 20:27:53 : isPortInterface: 0
MIG: 20:27:53 : isPortInterface: 0
MIG: 20:27:53 : isPortInterface: 0
MIG: 20:27:53 : isPortInterface: 0
MIG: 20:27:53 : isPortInterface: 0
MIG: 20:27:53 : isPortInterface: 0
MIG: 20:27:53 : isPortInterface: 0
MIG: 20:27:53 : isPortInterface: 0
MIG: 20:27:53 : isPortInterface: 0
MIG: 20:27:53 : isPortInterface: 0
MIG: 20:27:53 : isPortInterface: 0
MIG: 20:27:53 : isPortInterface: 0
MIG: 20:27:53 : isPortInterface: 0
MIG: 20:27:53 : isPortInterface: 0
MIG: 20:27:53 : isPortInterface: 0
MIG: 20:27:53 : isPortInterface: 0
MIG: 20:27:53 : isPortInterface: 0
MIG: 20:27:53 : isPortInterface: 0
MIG: 20:27:53 : isPortInterface: 0
MIG: 20:27:53 : isPortInterface: 0
MIG: 20:27:53 : isPortInterface: 0
MIG: 20:27:53 : isPortInterface: 0
MIG: 20:27:53 : isPortInterface: 0
MIG: 20:27:53 : isPortInterface: 0
MIG: 20:27:53 : isPortInterface: 0
MIG: 20:27:53 : isPortInterface: 0
MIG: 20:27:53 : isPortInterface: 0
MIG: 20:27:53 : isPortInterface: 0
MIG: 20:27:53 : isPortInterface: 0
MIG: 20:27:53 : isPortInterface: 0
MIG: 20:27:53 : isPortInterface: 0
MIG: 20:27:53 : isPortInterface: 0
MIG: 20:27:53 : isPortInterface: 0
MIG: 20:27:53 : isPortInterface: 0
MIG: 20:27:53 : isPortInterface: 0
MIG: 20:27:53 : isPortInterface: 0
MIG: 20:27:53 : isPortInterface: 0
MIG: 20:27:53 : isPortInterface: 0
MIG: 20:27:53 : isPortInterface: 0
MIG: 20:27:53 : isPortInterface: 0
MIG: 20:27:53 : isPortInterface: 0
MIG: 20:27:53 : isPortInterface: 0
MIG: 20:27:53 : isPortInterface: 0
MIG: 20:27:53 : isPortInterface: 0
MIG: 20:27:53 : isPortInterface: 0
MIG: 20:27:53 : isPortInterface: 0
MIG: 20:27:53 : isPortInterface: 0
MIG: 20:27:53 : isPortInterface: 0
MIG: 20:27:53 : isPortInterface: 0
MIG: 20:27:53 : isPortInterface: 0
MIG: 20:27:53 : isPortInterface: 0
MIG: 20:27:53 : isPortInterface: 0
MIG: 20:27:53 : isPortInterface: 0
MIG: 20:27:53 : isPortInterface: 0
MIG: 20:27:53 : isPortInterface: 0
MIG: 20:27:53 : isPortInterface: 0
MIG: 20:27:53 : isPortInterface: 0
MIG: 20:27:53 : isPortInterface: 0
MIG: 20:27:53 : isPortInterface: 0
MIG: 20:27:53 : isPortInterface: 0
MIG: 20:27:53 : isPortInterface: 0
MIG: 20:27:53 : isPortInterface: 0
MIG: 20:27:53 : isPortInterface: 0
MIG: 20:27:53 : isPortInterface: 0
MIG: 20:27:53 : isPortInterface: 0
MIG: 20:27:53 : isPortInterface: 0
MIG: 20:27:53 : isPortInterface: 0
MIG: 20:27:53 : isPortInterface: 0
MIG: 20:27:53 : isPortInterface: 0
MIG: 20:27:53 : isPortInterface: 0
MIG: 20:27:53 : isPortInterface: 0
MIG: 20:27:53 : isPortInterface: 0
MIG: 20:27:53 : isPortInterface: 0
MIG: 20:27:53 : isPortInterface: 0
MIG: 20:27:53 : isPortInterface: 0
MIG: 20:27:53 : isPortInterface: 0
MIG: 20:27:53 : isPortInterface: 0
MIG: 20:27:53 : isPortInterface: 0
MIG: 20:27:53 : isPortInterface: 0
MIG: 20:27:53 : isPortInterface: 0
MIG: 20:27:53 : isPortInterface: 0
MIG: 20:27:53 : isPortInterface: 0
MIG: 20:27:53 : isPortInterface: 0
MIG: 20:27:53 : isPortInterface: 0
MIG: 20:27:53 : isPortInterface: 0
MIG: 20:27:53 : isPortInterface: 0
MIG: 20:27:53 : isPortInterface: 0
MIG: 20:27:53 : isPortInterface: 0
MIG: 20:27:53 : isPortInterface: 0
MIG: 20:27:53 : isPortInterface: 0
MIG: 20:27:53 : isPortInterface: 0
MIG: 20:27:53 : isPortInterface: 0
MIG: 20:27:53 : isPortInterface: 0
MIG: 20:27:53 : isPortInterface: 0
MIG: 20:27:53 : isPortInterface: 0
MIG: 20:27:53 : isPortInterface: 0
MIG: 20:27:53 : isPortInterface: 0
MIG: 20:27:53 : isPortInterface: 0
MIG: 20:27:53 : isPortInterface: 0
MIG: 20:27:53 : isPortInterface: 0
MIG: 20:27:53 : isPortInterface: 0
MIG: 20:27:53 : isPortInterface: 0
MIG: 20:27:53 : isPortInterface: 0
MIG: 20:27:53 : isPortInterface: 0
MIG: 20:27:53 : isPortInterface: 0
MIG: 20:27:53 : isPortInterface: 0
MIG: 20:27:53 : isPortInterface: 0
MIG: 20:27:53 : isPortInterface: 0
MIG: 20:27:53 : isPortInterface: 0
MIG: 20:27:53 : isPortInterface: 0
MIG: 20:27:53 : isPortInterface: 0
MIG: 20:27:53 : isPortInterface: 0
MIG: 20:27:53 : isPortInterface: 0
MIG: 20:27:53 : isPortInterface: 1
MIG: 20:27:53 : isPortInterface: 0
MIG: 20:27:53 : isPortInterface: 0
MIG: 20:27:53 : isPortInterface: 0
MIG: 20:27:53 : isPortInterface: 0
MIG: 20:27:53 : isPortInterface: 0
MIG: 20:27:53 : isPortInterface: 0
MIG: 20:27:53 : isPortInterface: 0
MIG: 20:27:53 : isPortInterface: 0
MIG: 20:27:53 : isPortInterface: 0
MIG: 20:27:53 : isPortInterface: 0
MIG: 20:27:53 :  locked false  
MIG: 20:27:53 : HDL Language: Verilog
MIG: 20:27:53 : compInfo: false
MIG: 20:27:53 : Vivado Options xc7a200t sbg484 -1
MIG: 20:27:53 : 1: xc7a200t 2: sbg484 3: -1
MIG: 20:27:53 : relative mig path: coregen/ip/xilinx/other/com/xilinx/ip/mig_7series_v4_1/bin/nt64/mig.exe
MIG: 20:27:53 : xilinx_path: C:/Xilinx/Vivado/2018.2/ids_lite/ISE
MIG: 20:27:53 : I am in catch area
MIG: 20:27:53 : Running C:/Xilinx/Vivado/2018.2/ids_lite/ISE/coregen/ip/xilinx/other/com/xilinx/ip/mig_7series_v4_1/bin/nt64/mig.exe -cg_exc_inp c:/Users/DFEC/Projects/basic_ublaze/Basic_uBlaze.srcs/sources_1/bd/design_1/ip/design_1_mig_7series_0_0/xil_txt.in -cg_exc_out c:/Users/DFEC/Projects/basic_ublaze/Basic_uBlaze.srcs/sources_1/bd/design_1/ip/design_1_mig_7series_0_0/xil_txt.out ... 
MIG: 20:28:05 : XML_INPUT_FILE: c:/Users/DFEC/Projects/basic_ublaze/Basic_uBlaze.srcs/sources_1/bd/design_1/ip/design_1_mig_7series_0_0/board.prj
MIG: 20:28:05 : Component_Name: design_1_mig_7series_0_0
MIG: 20:28:05 : Moving design_1_mig_7series_0_0 ...
MIG: 20:28:04 : Moving design_1_mig_7series_0_0.veo ...
MIG: 20:28:04 : Moving design_1_mig_7series_0_0_xmdf.tcl ...
MIG: 20:28:05 : Running vhdl_synth_rpr.xit
MIG: 20:28:05 : IGN:     <ModuleName>system_mig_7series_0_0</ModuleName> <==>     <ModuleName>design_1_mig_7series_0_0</ModuleName> 
MIG: 20:28:05 : ERR:     <Version>2.1</Version> <==>     <Version>4.1</Version> 
MIG: 20:28:05 : ################# RUNNING MIG BATCH ###################
MIG: 20:28:05 : Writing IN file for 'design_1_mig_7series_0_0'...compDirPath: c:/Xilinx/Vivado/2018.2/data/ip/xilinx/mig_7series_v4_1... instDirPath: c:/Users/DFEC/Projects/basic_ublaze/Basic_uBlaze.srcs/sources_1/bd/design_1/ip/design_1_mig_7series_0_0
MIG: 20:28:05 : synp_flow:  -- synthesis_mode: Other
MIG: 20:28:05 : outputDirectory: c:/Users/DFEC/Projects/basic_ublaze/Basic_uBlaze.srcs/sources_1/bd/design_1/ip/design_1_mig_7series_0_0/_tmp/
MIG: 20:28:05 : vivado_mode: xpg_bd
MIG: 20:28:05 : isPortInterface: 0
MIG: 20:28:05 : isPortInterface: 0
MIG: 20:28:05 : isPortInterface: 0
MIG: 20:28:05 : isPortInterface: 0
MIG: 20:28:05 : isPortInterface: 0
MIG: 20:28:05 : isPortInterface: 0
MIG: 20:28:05 : isPortInterface: 0
MIG: 20:28:05 : isPortInterface: 0
MIG: 20:28:05 : isPortInterface: 0
MIG: 20:28:05 : isPortInterface: 0
MIG: 20:28:05 : isPortInterface: 0
MIG: 20:28:05 : isPortInterface: 0
MIG: 20:28:05 : isPortInterface: 0
MIG: 20:28:05 : isPortInterface: 0
MIG: 20:28:05 : isPortInterface: 0
MIG: 20:28:05 : isPortInterface: 0
MIG: 20:28:05 : isPortInterface: 0
MIG: 20:28:05 : isPortInterface: 0
MIG: 20:28:05 : isPortInterface: 0
MIG: 20:28:05 : isPortInterface: 0
MIG: 20:28:05 : isPortInterface: 0
MIG: 20:28:05 : isPortInterface: 0
MIG: 20:28:05 : isPortInterface: 0
MIG: 20:28:05 : isPortInterface: 0
MIG: 20:28:05 : isPortInterface: 0
MIG: 20:28:05 : isPortInterface: 0
MIG: 20:28:05 : isPortInterface: 0
MIG: 20:28:05 : isPortInterface: 0
MIG: 20:28:05 : isPortInterface: 0
MIG: 20:28:05 : isPortInterface: 0
MIG: 20:28:05 : isPortInterface: 0
MIG: 20:28:05 : isPortInterface: 0
MIG: 20:28:05 : isPortInterface: 0
MIG: 20:28:05 : isPortInterface: 0
MIG: 20:28:05 : isPortInterface: 0
MIG: 20:28:05 : isPortInterface: 0
MIG: 20:28:05 : isPortInterface: 0
MIG: 20:28:05 : isPortInterface: 0
MIG: 20:28:05 : isPortInterface: 0
MIG: 20:28:05 : isPortInterface: 0
MIG: 20:28:05 : isPortInterface: 0
MIG: 20:28:05 : isPortInterface: 0
MIG: 20:28:05 : isPortInterface: 0
MIG: 20:28:05 : isPortInterface: 0
MIG: 20:28:05 : isPortInterface: 0
MIG: 20:28:05 : isPortInterface: 0
MIG: 20:28:05 : isPortInterface: 0
MIG: 20:28:05 : isPortInterface: 0
MIG: 20:28:05 : isPortInterface: 0
MIG: 20:28:05 : isPortInterface: 0
MIG: 20:28:05 : isPortInterface: 0
MIG: 20:28:05 : isPortInterface: 0
MIG: 20:28:05 : isPortInterface: 0
MIG: 20:28:05 : isPortInterface: 0
MIG: 20:28:05 : isPortInterface: 0
MIG: 20:28:05 : isPortInterface: 0
MIG: 20:28:05 : isPortInterface: 0
MIG: 20:28:05 : isPortInterface: 0
MIG: 20:28:05 : isPortInterface: 0
MIG: 20:28:05 : isPortInterface: 0
MIG: 20:28:05 : isPortInterface: 0
MIG: 20:28:05 : isPortInterface: 0
MIG: 20:28:05 : isPortInterface: 0
MIG: 20:28:05 : isPortInterface: 0
MIG: 20:28:05 : isPortInterface: 0
MIG: 20:28:05 : isPortInterface: 0
MIG: 20:28:05 : isPortInterface: 0
MIG: 20:28:05 : isPortInterface: 0
MIG: 20:28:05 : isPortInterface: 0
MIG: 20:28:05 : isPortInterface: 0
MIG: 20:28:05 : isPortInterface: 0
MIG: 20:28:05 : isPortInterface: 0
MIG: 20:28:05 : isPortInterface: 0
MIG: 20:28:05 : isPortInterface: 0
MIG: 20:28:05 : isPortInterface: 0
MIG: 20:28:05 : isPortInterface: 0
MIG: 20:28:05 : isPortInterface: 0
MIG: 20:28:05 : isPortInterface: 0
MIG: 20:28:05 : isPortInterface: 0
MIG: 20:28:05 : isPortInterface: 0
MIG: 20:28:05 : isPortInterface: 0
MIG: 20:28:05 : isPortInterface: 0
MIG: 20:28:05 : isPortInterface: 0
MIG: 20:28:05 : isPortInterface: 0
MIG: 20:28:05 : isPortInterface: 0
MIG: 20:28:05 : isPortInterface: 0
MIG: 20:28:05 : isPortInterface: 0
MIG: 20:28:05 : isPortInterface: 0
MIG: 20:28:05 : isPortInterface: 0
MIG: 20:28:05 : isPortInterface: 0
MIG: 20:28:05 : isPortInterface: 0
MIG: 20:28:05 : isPortInterface: 0
MIG: 20:28:05 : isPortInterface: 0
MIG: 20:28:05 : isPortInterface: 0
MIG: 20:28:05 : isPortInterface: 0
MIG: 20:28:05 : isPortInterface: 0
MIG: 20:28:05 : isPortInterface: 0
MIG: 20:28:05 : isPortInterface: 0
MIG: 20:28:05 : isPortInterface: 0
MIG: 20:28:05 : isPortInterface: 0
MIG: 20:28:05 : isPortInterface: 0
MIG: 20:28:05 : isPortInterface: 0
MIG: 20:28:05 : isPortInterface: 0
MIG: 20:28:05 : isPortInterface: 0
MIG: 20:28:05 : isPortInterface: 0
MIG: 20:28:05 : isPortInterface: 0
MIG: 20:28:05 : isPortInterface: 0
MIG: 20:28:05 : isPortInterface: 0
MIG: 20:28:05 : isPortInterface: 0
MIG: 20:28:05 : isPortInterface: 0
MIG: 20:28:05 : isPortInterface: 0
MIG: 20:28:05 : isPortInterface: 0
MIG: 20:28:05 : isPortInterface: 0
MIG: 20:28:05 : isPortInterface: 0
MIG: 20:28:05 : isPortInterface: 0
MIG: 20:28:05 : isPortInterface: 0
MIG: 20:28:05 : isPortInterface: 0
MIG: 20:28:05 : isPortInterface: 0
MIG: 20:28:05 : isPortInterface: 0
MIG: 20:28:05 : isPortInterface: 0
MIG: 20:28:05 : isPortInterface: 0
MIG: 20:28:05 : isPortInterface: 0
MIG: 20:28:05 : isPortInterface: 1
MIG: 20:28:05 : isPortInterface: 0
MIG: 20:28:05 : isPortInterface: 0
MIG: 20:28:05 : isPortInterface: 0
MIG: 20:28:05 : isPortInterface: 0
MIG: 20:28:05 : isPortInterface: 0
MIG: 20:28:05 : isPortInterface: 0
MIG: 20:28:05 : isPortInterface: 0
MIG: 20:28:05 : isPortInterface: 0
MIG: 20:28:05 : isPortInterface: 0
MIG: 20:28:05 : isPortInterface: 0
MIG: 20:28:05 :  locked false  
MIG: 20:28:05 : HDL Language: Verilog
MIG: 20:28:05 : compInfo: false
MIG: 20:28:05 : Vivado Options xc7a200t sbg484 -1
MIG: 20:28:05 : 1: xc7a200t 2: sbg484 3: -1
MIG: 20:28:05 : relative mig path: coregen/ip/xilinx/other/com/xilinx/ip/mig_7series_v4_1/bin/nt64/mig.exe
MIG: 20:28:05 : xilinx_path: C:/Xilinx/Vivado/2018.2/ids_lite/ISE
MIG: 20:28:05 : I am in catch area
MIG: 20:28:05 : Running C:/Xilinx/Vivado/2018.2/ids_lite/ISE/coregen/ip/xilinx/other/com/xilinx/ip/mig_7series_v4_1/bin/nt64/mig.exe -cg_exc_inp c:/Users/DFEC/Projects/basic_ublaze/Basic_uBlaze.srcs/sources_1/bd/design_1/ip/design_1_mig_7series_0_0/xil_txt.in -cg_exc_out c:/Users/DFEC/Projects/basic_ublaze/Basic_uBlaze.srcs/sources_1/bd/design_1/ip/design_1_mig_7series_0_0/xil_txt.out ... 
MIG: 20:28:13 : XML_INPUT_FILE: c:/Users/DFEC/Projects/basic_ublaze/Basic_uBlaze.srcs/sources_1/bd/design_1/ip/design_1_mig_7series_0_0/board.prj
MIG: 20:28:13 : Component_Name: design_1_mig_7series_0_0
MIG: 20:28:13 : Moving design_1_mig_7series_0_0 ...
MIG: 20:28:13 : Moving design_1_mig_7series_0_0.veo ...
MIG: 20:28:13 : Moving design_1_mig_7series_0_0_xmdf.tcl ...
MIG: 20:28:14 : Running simulation.xit
MIG: 20:28:14 : IGN:     <ModuleName>system_mig_7series_0_0</ModuleName> <==>     <ModuleName>design_1_mig_7series_0_0</ModuleName> 
MIG: 20:28:14 : ERR:     <Version>2.1</Version> <==>     <Version>4.1</Version> 
MIG: 20:28:14 : ################# RUNNING MIG BATCH ###################
MIG: 20:28:14 : Writing IN file for 'design_1_mig_7series_0_0'...compDirPath: c:/Xilinx/Vivado/2018.2/data/ip/xilinx/mig_7series_v4_1... instDirPath: c:/Users/DFEC/Projects/basic_ublaze/Basic_uBlaze.srcs/sources_1/bd/design_1/ip/design_1_mig_7series_0_0
MIG: 20:28:14 : synp_flow:  -- synthesis_mode: Other
MIG: 20:28:14 : outputDirectory: c:/Users/DFEC/Projects/basic_ublaze/Basic_uBlaze.srcs/sources_1/bd/design_1/ip/design_1_mig_7series_0_0/_tmp/
MIG: 20:28:14 : vivado_mode: xpg_bd
MIG: 20:28:14 : isPortInterface: 0
MIG: 20:28:14 : isPortInterface: 0
MIG: 20:28:14 : isPortInterface: 0
MIG: 20:28:14 : isPortInterface: 0
MIG: 20:28:14 : isPortInterface: 0
MIG: 20:28:14 : isPortInterface: 0
MIG: 20:28:14 : isPortInterface: 0
MIG: 20:28:14 : isPortInterface: 0
MIG: 20:28:14 : isPortInterface: 0
MIG: 20:28:14 : isPortInterface: 0
MIG: 20:28:14 : isPortInterface: 0
MIG: 20:28:14 : isPortInterface: 0
MIG: 20:28:14 : isPortInterface: 0
MIG: 20:28:14 : isPortInterface: 0
MIG: 20:28:14 : isPortInterface: 0
MIG: 20:28:14 : isPortInterface: 0
MIG: 20:28:14 : isPortInterface: 0
MIG: 20:28:14 : isPortInterface: 0
MIG: 20:28:14 : isPortInterface: 0
MIG: 20:28:14 : isPortInterface: 0
MIG: 20:28:14 : isPortInterface: 0
MIG: 20:28:14 : isPortInterface: 0
MIG: 20:28:14 : isPortInterface: 0
MIG: 20:28:14 : isPortInterface: 0
MIG: 20:28:14 : isPortInterface: 0
MIG: 20:28:14 : isPortInterface: 0
MIG: 20:28:14 : isPortInterface: 0
MIG: 20:28:14 : isPortInterface: 0
MIG: 20:28:14 : isPortInterface: 0
MIG: 20:28:14 : isPortInterface: 0
MIG: 20:28:14 : isPortInterface: 0
MIG: 20:28:14 : isPortInterface: 0
MIG: 20:28:14 : isPortInterface: 0
MIG: 20:28:14 : isPortInterface: 0
MIG: 20:28:14 : isPortInterface: 0
MIG: 20:28:14 : isPortInterface: 0
MIG: 20:28:14 : isPortInterface: 0
MIG: 20:28:14 : isPortInterface: 0
MIG: 20:28:14 : isPortInterface: 0
MIG: 20:28:14 : isPortInterface: 0
MIG: 20:28:14 : isPortInterface: 0
MIG: 20:28:14 : isPortInterface: 0
MIG: 20:28:14 : isPortInterface: 0
MIG: 20:28:14 : isPortInterface: 0
MIG: 20:28:14 : isPortInterface: 0
MIG: 20:28:14 : isPortInterface: 0
MIG: 20:28:14 : isPortInterface: 0
MIG: 20:28:14 : isPortInterface: 0
MIG: 20:28:14 : isPortInterface: 0
MIG: 20:28:14 : isPortInterface: 0
MIG: 20:28:14 : isPortInterface: 0
MIG: 20:28:14 : isPortInterface: 0
MIG: 20:28:14 : isPortInterface: 0
MIG: 20:28:14 : isPortInterface: 0
MIG: 20:28:14 : isPortInterface: 0
MIG: 20:28:14 : isPortInterface: 0
MIG: 20:28:14 : isPortInterface: 0
MIG: 20:28:14 : isPortInterface: 0
MIG: 20:28:14 : isPortInterface: 0
MIG: 20:28:14 : isPortInterface: 0
MIG: 20:28:14 : isPortInterface: 0
MIG: 20:28:14 : isPortInterface: 0
MIG: 20:28:14 : isPortInterface: 0
MIG: 20:28:14 : isPortInterface: 0
MIG: 20:28:14 : isPortInterface: 0
MIG: 20:28:14 : isPortInterface: 0
MIG: 20:28:14 : isPortInterface: 0
MIG: 20:28:14 : isPortInterface: 0
MIG: 20:28:14 : isPortInterface: 0
MIG: 20:28:14 : isPortInterface: 0
MIG: 20:28:14 : isPortInterface: 0
MIG: 20:28:14 : isPortInterface: 0
MIG: 20:28:14 : isPortInterface: 0
MIG: 20:28:14 : isPortInterface: 0
MIG: 20:28:14 : isPortInterface: 0
MIG: 20:28:14 : isPortInterface: 0
MIG: 20:28:14 : isPortInterface: 0
MIG: 20:28:14 : isPortInterface: 0
MIG: 20:28:14 : isPortInterface: 0
MIG: 20:28:14 : isPortInterface: 0
MIG: 20:28:14 : isPortInterface: 0
MIG: 20:28:14 : isPortInterface: 0
MIG: 20:28:14 : isPortInterface: 0
MIG: 20:28:14 : isPortInterface: 0
MIG: 20:28:14 : isPortInterface: 0
MIG: 20:28:14 : isPortInterface: 0
MIG: 20:28:14 : isPortInterface: 0
MIG: 20:28:14 : isPortInterface: 0
MIG: 20:28:14 : isPortInterface: 0
MIG: 20:28:14 : isPortInterface: 0
MIG: 20:28:14 : isPortInterface: 0
MIG: 20:28:14 : isPortInterface: 0
MIG: 20:28:14 : isPortInterface: 0
MIG: 20:28:14 : isPortInterface: 0
MIG: 20:28:14 : isPortInterface: 0
MIG: 20:28:14 : isPortInterface: 0
MIG: 20:28:14 : isPortInterface: 0
MIG: 20:28:14 : isPortInterface: 0
MIG: 20:28:14 : isPortInterface: 0
MIG: 20:28:14 : isPortInterface: 0
MIG: 20:28:14 : isPortInterface: 0
MIG: 20:28:14 : isPortInterface: 0
MIG: 20:28:14 : isPortInterface: 0
MIG: 20:28:14 : isPortInterface: 0
MIG: 20:28:14 : isPortInterface: 0
MIG: 20:28:14 : isPortInterface: 0
MIG: 20:28:14 : isPortInterface: 0
MIG: 20:28:14 : isPortInterface: 0
MIG: 20:28:14 : isPortInterface: 0
MIG: 20:28:14 : isPortInterface: 0
MIG: 20:28:14 : isPortInterface: 0
MIG: 20:28:14 : isPortInterface: 0
MIG: 20:28:14 : isPortInterface: 0
MIG: 20:28:14 : isPortInterface: 0
MIG: 20:28:14 : isPortInterface: 0
MIG: 20:28:14 : isPortInterface: 0
MIG: 20:28:14 : isPortInterface: 0
MIG: 20:28:14 : isPortInterface: 0
MIG: 20:28:14 : isPortInterface: 0
MIG: 20:28:14 : isPortInterface: 0
MIG: 20:28:14 : isPortInterface: 0
MIG: 20:28:14 : isPortInterface: 0
MIG: 20:28:14 : isPortInterface: 1
MIG: 20:28:14 : isPortInterface: 0
MIG: 20:28:14 : isPortInterface: 0
MIG: 20:28:14 : isPortInterface: 0
MIG: 20:28:14 : isPortInterface: 0
MIG: 20:28:14 : isPortInterface: 0
MIG: 20:28:14 : isPortInterface: 0
MIG: 20:28:14 : isPortInterface: 0
MIG: 20:28:14 : isPortInterface: 0
MIG: 20:28:14 : isPortInterface: 0
MIG: 20:28:14 : isPortInterface: 0
MIG: 20:28:14 :  locked false  
MIG: 20:28:14 : HDL Language: Verilog
MIG: 20:28:14 : compInfo: false
MIG: 20:28:14 : Vivado Options xc7a200t sbg484 -1
MIG: 20:28:14 : 1: xc7a200t 2: sbg484 3: -1
MIG: 20:28:14 : relative mig path: coregen/ip/xilinx/other/com/xilinx/ip/mig_7series_v4_1/bin/nt64/mig.exe
MIG: 20:28:14 : xilinx_path: C:/Xilinx/Vivado/2018.2/ids_lite/ISE
MIG: 20:28:14 : I am in catch area
MIG: 20:28:14 : Running C:/Xilinx/Vivado/2018.2/ids_lite/ISE/coregen/ip/xilinx/other/com/xilinx/ip/mig_7series_v4_1/bin/nt64/mig.exe -cg_exc_inp c:/Users/DFEC/Projects/basic_ublaze/Basic_uBlaze.srcs/sources_1/bd/design_1/ip/design_1_mig_7series_0_0/xil_txt.in -cg_exc_out c:/Users/DFEC/Projects/basic_ublaze/Basic_uBlaze.srcs/sources_1/bd/design_1/ip/design_1_mig_7series_0_0/xil_txt.out ... 
MIG: 20:28:23 : XML_INPUT_FILE: c:/Users/DFEC/Projects/basic_ublaze/Basic_uBlaze.srcs/sources_1/bd/design_1/ip/design_1_mig_7series_0_0/board.prj
MIG: 20:28:23 : Component_Name: design_1_mig_7series_0_0
MIG: 20:28:23 : Moving design_1_mig_7series_0_0 ...
MIG: 20:28:23 : Moving design_1_mig_7series_0_0.veo ...
MIG: 20:28:23 : Moving design_1_mig_7series_0_0_xmdf.tcl ...
MIG: 20:28:23 : Running vlog_sim_rpr.xit .. PRASAD DBG1
MIG: 20:28:23 : IGN:     <ModuleName>system_mig_7series_0_0</ModuleName> <==>     <ModuleName>design_1_mig_7series_0_0</ModuleName> 
MIG: 20:28:23 : ERR:     <Version>2.1</Version> <==>     <Version>4.1</Version> 
MIG: 20:28:23 : ################# RUNNING MIG BATCH ###################
MIG: 20:28:23 : Writing IN file for 'design_1_mig_7series_0_0'...compDirPath: c:/Xilinx/Vivado/2018.2/data/ip/xilinx/mig_7series_v4_1... instDirPath: c:/Users/DFEC/Projects/basic_ublaze/Basic_uBlaze.srcs/sources_1/bd/design_1/ip/design_1_mig_7series_0_0
MIG: 20:28:23 : synp_flow:  -- synthesis_mode: Other
MIG: 20:28:23 : outputDirectory: c:/Users/DFEC/Projects/basic_ublaze/Basic_uBlaze.srcs/sources_1/bd/design_1/ip/design_1_mig_7series_0_0/_tmp/
MIG: 20:28:23 : vivado_mode: xpg_bd
MIG: 20:28:23 : isPortInterface: 0
MIG: 20:28:23 : isPortInterface: 0
MIG: 20:28:23 : isPortInterface: 0
MIG: 20:28:23 : isPortInterface: 0
MIG: 20:28:23 : isPortInterface: 0
MIG: 20:28:23 : isPortInterface: 0
MIG: 20:28:23 : isPortInterface: 0
MIG: 20:28:23 : isPortInterface: 0
MIG: 20:28:23 : isPortInterface: 0
MIG: 20:28:23 : isPortInterface: 0
MIG: 20:28:23 : isPortInterface: 0
MIG: 20:28:23 : isPortInterface: 0
MIG: 20:28:23 : isPortInterface: 0
MIG: 20:28:23 : isPortInterface: 0
MIG: 20:28:23 : isPortInterface: 0
MIG: 20:28:23 : isPortInterface: 0
MIG: 20:28:23 : isPortInterface: 0
MIG: 20:28:23 : isPortInterface: 0
MIG: 20:28:23 : isPortInterface: 0
MIG: 20:28:23 : isPortInterface: 0
MIG: 20:28:23 : isPortInterface: 0
MIG: 20:28:23 : isPortInterface: 0
MIG: 20:28:23 : isPortInterface: 0
MIG: 20:28:23 : isPortInterface: 0
MIG: 20:28:23 : isPortInterface: 0
MIG: 20:28:23 : isPortInterface: 0
MIG: 20:28:23 : isPortInterface: 0
MIG: 20:28:23 : isPortInterface: 0
MIG: 20:28:23 : isPortInterface: 0
MIG: 20:28:23 : isPortInterface: 0
MIG: 20:28:23 : isPortInterface: 0
MIG: 20:28:23 : isPortInterface: 0
MIG: 20:28:23 : isPortInterface: 0
MIG: 20:28:23 : isPortInterface: 0
MIG: 20:28:23 : isPortInterface: 0
MIG: 20:28:23 : isPortInterface: 0
MIG: 20:28:23 : isPortInterface: 0
MIG: 20:28:23 : isPortInterface: 0
MIG: 20:28:23 : isPortInterface: 0
MIG: 20:28:23 : isPortInterface: 0
MIG: 20:28:23 : isPortInterface: 0
MIG: 20:28:23 : isPortInterface: 0
MIG: 20:28:23 : isPortInterface: 0
MIG: 20:28:23 : isPortInterface: 0
MIG: 20:28:23 : isPortInterface: 0
MIG: 20:28:23 : isPortInterface: 0
MIG: 20:28:23 : isPortInterface: 0
MIG: 20:28:23 : isPortInterface: 0
MIG: 20:28:23 : isPortInterface: 0
MIG: 20:28:23 : isPortInterface: 0
MIG: 20:28:23 : isPortInterface: 0
MIG: 20:28:23 : isPortInterface: 0
MIG: 20:28:23 : isPortInterface: 0
MIG: 20:28:23 : isPortInterface: 0
MIG: 20:28:23 : isPortInterface: 0
MIG: 20:28:23 : isPortInterface: 0
MIG: 20:28:23 : isPortInterface: 0
MIG: 20:28:23 : isPortInterface: 0
MIG: 20:28:23 : isPortInterface: 0
MIG: 20:28:23 : isPortInterface: 0
MIG: 20:28:23 : isPortInterface: 0
MIG: 20:28:23 : isPortInterface: 0
MIG: 20:28:23 : isPortInterface: 0
MIG: 20:28:23 : isPortInterface: 0
MIG: 20:28:23 : isPortInterface: 0
MIG: 20:28:23 : isPortInterface: 0
MIG: 20:28:23 : isPortInterface: 0
MIG: 20:28:23 : isPortInterface: 0
MIG: 20:28:23 : isPortInterface: 0
MIG: 20:28:23 : isPortInterface: 0
MIG: 20:28:23 : isPortInterface: 0
MIG: 20:28:23 : isPortInterface: 0
MIG: 20:28:23 : isPortInterface: 0
MIG: 20:28:23 : isPortInterface: 0
MIG: 20:28:23 : isPortInterface: 0
MIG: 20:28:23 : isPortInterface: 0
MIG: 20:28:23 : isPortInterface: 0
MIG: 20:28:23 : isPortInterface: 0
MIG: 20:28:23 : isPortInterface: 0
MIG: 20:28:23 : isPortInterface: 0
MIG: 20:28:23 : isPortInterface: 0
MIG: 20:28:23 : isPortInterface: 0
MIG: 20:28:23 : isPortInterface: 0
MIG: 20:28:24 : isPortInterface: 0
MIG: 20:28:24 : isPortInterface: 0
MIG: 20:28:24 : isPortInterface: 0
MIG: 20:28:24 : isPortInterface: 0
MIG: 20:28:24 : isPortInterface: 0
MIG: 20:28:24 : isPortInterface: 0
MIG: 20:28:24 : isPortInterface: 0
MIG: 20:28:24 : isPortInterface: 0
MIG: 20:28:24 : isPortInterface: 0
MIG: 20:28:24 : isPortInterface: 0
MIG: 20:28:24 : isPortInterface: 0
MIG: 20:28:24 : isPortInterface: 0
MIG: 20:28:24 : isPortInterface: 0
MIG: 20:28:24 : isPortInterface: 0
MIG: 20:28:24 : isPortInterface: 0
MIG: 20:28:24 : isPortInterface: 0
MIG: 20:28:24 : isPortInterface: 0
MIG: 20:28:24 : isPortInterface: 0
MIG: 20:28:24 : isPortInterface: 0
MIG: 20:28:24 : isPortInterface: 0
MIG: 20:28:24 : isPortInterface: 0
MIG: 20:28:24 : isPortInterface: 0
MIG: 20:28:24 : isPortInterface: 0
MIG: 20:28:24 : isPortInterface: 0
MIG: 20:28:24 : isPortInterface: 0
MIG: 20:28:24 : isPortInterface: 0
MIG: 20:28:24 : isPortInterface: 0
MIG: 20:28:24 : isPortInterface: 0
MIG: 20:28:24 : isPortInterface: 0
MIG: 20:28:24 : isPortInterface: 0
MIG: 20:28:24 : isPortInterface: 0
MIG: 20:28:24 : isPortInterface: 0
MIG: 20:28:24 : isPortInterface: 0
MIG: 20:28:24 : isPortInterface: 0
MIG: 20:28:24 : isPortInterface: 0
MIG: 20:28:24 : isPortInterface: 0
MIG: 20:28:24 : isPortInterface: 0
MIG: 20:28:24 : isPortInterface: 0
MIG: 20:28:24 : isPortInterface: 0
MIG: 20:28:24 : isPortInterface: 1
MIG: 20:28:24 : isPortInterface: 0
MIG: 20:28:24 : isPortInterface: 0
MIG: 20:28:24 : isPortInterface: 0
MIG: 20:28:24 : isPortInterface: 0
MIG: 20:28:24 : isPortInterface: 0
MIG: 20:28:24 : isPortInterface: 0
MIG: 20:28:24 : isPortInterface: 0
MIG: 20:28:24 : isPortInterface: 0
MIG: 20:28:24 : isPortInterface: 0
MIG: 20:28:24 : isPortInterface: 0
MIG: 20:28:24 :  locked false  
MIG: 20:28:24 : HDL Language: Verilog
MIG: 20:28:24 : compInfo: false
MIG: 20:28:24 : Vivado Options xc7a200t sbg484 -1
MIG: 20:28:24 : 1: xc7a200t 2: sbg484 3: -1
MIG: 20:28:24 : relative mig path: coregen/ip/xilinx/other/com/xilinx/ip/mig_7series_v4_1/bin/nt64/mig.exe
MIG: 20:28:24 : xilinx_path: C:/Xilinx/Vivado/2018.2/ids_lite/ISE
MIG: 20:28:24 : I am in catch area
MIG: 20:28:24 : Running C:/Xilinx/Vivado/2018.2/ids_lite/ISE/coregen/ip/xilinx/other/com/xilinx/ip/mig_7series_v4_1/bin/nt64/mig.exe -cg_exc_inp c:/Users/DFEC/Projects/basic_ublaze/Basic_uBlaze.srcs/sources_1/bd/design_1/ip/design_1_mig_7series_0_0/xil_txt.in -cg_exc_out c:/Users/DFEC/Projects/basic_ublaze/Basic_uBlaze.srcs/sources_1/bd/design_1/ip/design_1_mig_7series_0_0/xil_txt.out ... 
MIG: 20:28:35 : XML_INPUT_FILE: c:/Users/DFEC/Projects/basic_ublaze/Basic_uBlaze.srcs/sources_1/bd/design_1/ip/design_1_mig_7series_0_0/board.prj
MIG: 20:28:35 : Component_Name: design_1_mig_7series_0_0
MIG: 20:28:35 : Moving design_1_mig_7series_0_0 ...
MIG: 20:28:35 : Moving design_1_mig_7series_0_0.veo ...
MIG: 20:28:35 : Moving design_1_mig_7series_0_0_xmdf.tcl ...
MIG: 20:28:36 : Running implementation.xit
MIG: 20:28:36 : IGN:     <ModuleName>system_mig_7series_0_0</ModuleName> <==>     <ModuleName>design_1_mig_7series_0_0</ModuleName> 
MIG: 20:28:36 : ERR:     <Version>2.1</Version> <==>     <Version>4.1</Version> 
MIG: 20:28:36 : ################# RUNNING MIG BATCH ###################
MIG: 20:28:36 : Writing IN file for 'design_1_mig_7series_0_0'...compDirPath: c:/Xilinx/Vivado/2018.2/data/ip/xilinx/mig_7series_v4_1... instDirPath: c:/Users/DFEC/Projects/basic_ublaze/Basic_uBlaze.srcs/sources_1/bd/design_1/ip/design_1_mig_7series_0_0
MIG: 20:28:36 : synp_flow:  -- synthesis_mode: Other
MIG: 20:28:36 : outputDirectory: c:/Users/DFEC/Projects/basic_ublaze/Basic_uBlaze.srcs/sources_1/bd/design_1/ip/design_1_mig_7series_0_0/_tmp/
MIG: 20:28:36 : vivado_mode: xpg_bd
MIG: 20:28:36 : isPortInterface: 0
MIG: 20:28:36 : isPortInterface: 0
MIG: 20:28:36 : isPortInterface: 0
MIG: 20:28:36 : isPortInterface: 0
MIG: 20:28:36 : isPortInterface: 0
MIG: 20:28:36 : isPortInterface: 0
MIG: 20:28:36 : isPortInterface: 0
MIG: 20:28:36 : isPortInterface: 0
MIG: 20:28:36 : isPortInterface: 0
MIG: 20:28:36 : isPortInterface: 0
MIG: 20:28:36 : isPortInterface: 0
MIG: 20:28:36 : isPortInterface: 0
MIG: 20:28:36 : isPortInterface: 0
MIG: 20:28:36 : isPortInterface: 0
MIG: 20:28:36 : isPortInterface: 0
MIG: 20:28:36 : isPortInterface: 0
MIG: 20:28:36 : isPortInterface: 0
MIG: 20:28:36 : isPortInterface: 0
MIG: 20:28:36 : isPortInterface: 0
MIG: 20:28:36 : isPortInterface: 0
MIG: 20:28:36 : isPortInterface: 0
MIG: 20:28:36 : isPortInterface: 0
MIG: 20:28:36 : isPortInterface: 0
MIG: 20:28:36 : isPortInterface: 0
MIG: 20:28:36 : isPortInterface: 0
MIG: 20:28:36 : isPortInterface: 0
MIG: 20:28:36 : isPortInterface: 0
MIG: 20:28:36 : isPortInterface: 0
MIG: 20:28:36 : isPortInterface: 0
MIG: 20:28:36 : isPortInterface: 0
MIG: 20:28:36 : isPortInterface: 0
MIG: 20:28:36 : isPortInterface: 0
MIG: 20:28:36 : isPortInterface: 0
MIG: 20:28:36 : isPortInterface: 0
MIG: 20:28:36 : isPortInterface: 0
MIG: 20:28:36 : isPortInterface: 0
MIG: 20:28:36 : isPortInterface: 0
MIG: 20:28:36 : isPortInterface: 0
MIG: 20:28:36 : isPortInterface: 0
MIG: 20:28:36 : isPortInterface: 0
MIG: 20:28:36 : isPortInterface: 0
MIG: 20:28:36 : isPortInterface: 0
MIG: 20:28:36 : isPortInterface: 0
MIG: 20:28:36 : isPortInterface: 0
MIG: 20:28:36 : isPortInterface: 0
MIG: 20:28:36 : isPortInterface: 0
MIG: 20:28:36 : isPortInterface: 0
MIG: 20:28:36 : isPortInterface: 0
MIG: 20:28:36 : isPortInterface: 0
MIG: 20:28:36 : isPortInterface: 0
MIG: 20:28:36 : isPortInterface: 0
MIG: 20:28:36 : isPortInterface: 0
MIG: 20:28:36 : isPortInterface: 0
MIG: 20:28:36 : isPortInterface: 0
MIG: 20:28:36 : isPortInterface: 0
MIG: 20:28:36 : isPortInterface: 0
MIG: 20:28:36 : isPortInterface: 0
MIG: 20:28:36 : isPortInterface: 0
MIG: 20:28:36 : isPortInterface: 0
MIG: 20:28:36 : isPortInterface: 0
MIG: 20:28:36 : isPortInterface: 0
MIG: 20:28:36 : isPortInterface: 0
MIG: 20:28:36 : isPortInterface: 0
MIG: 20:28:36 : isPortInterface: 0
MIG: 20:28:36 : isPortInterface: 0
MIG: 20:28:36 : isPortInterface: 0
MIG: 20:28:36 : isPortInterface: 0
MIG: 20:28:36 : isPortInterface: 0
MIG: 20:28:36 : isPortInterface: 0
MIG: 20:28:36 : isPortInterface: 0
MIG: 20:28:36 : isPortInterface: 0
MIG: 20:28:36 : isPortInterface: 0
MIG: 20:28:36 : isPortInterface: 0
MIG: 20:28:36 : isPortInterface: 0
MIG: 20:28:36 : isPortInterface: 0
MIG: 20:28:36 : isPortInterface: 0
MIG: 20:28:36 : isPortInterface: 0
MIG: 20:28:36 : isPortInterface: 0
MIG: 20:28:36 : isPortInterface: 0
MIG: 20:28:36 : isPortInterface: 0
MIG: 20:28:36 : isPortInterface: 0
MIG: 20:28:36 : isPortInterface: 0
MIG: 20:28:36 : isPortInterface: 0
MIG: 20:28:36 : isPortInterface: 0
MIG: 20:28:36 : isPortInterface: 0
MIG: 20:28:36 : isPortInterface: 0
MIG: 20:28:36 : isPortInterface: 0
MIG: 20:28:36 : isPortInterface: 0
MIG: 20:28:36 : isPortInterface: 0
MIG: 20:28:36 : isPortInterface: 0
MIG: 20:28:36 : isPortInterface: 0
MIG: 20:28:36 : isPortInterface: 0
MIG: 20:28:36 : isPortInterface: 0
MIG: 20:28:36 : isPortInterface: 0
MIG: 20:28:36 : isPortInterface: 0
MIG: 20:28:36 : isPortInterface: 0
MIG: 20:28:36 : isPortInterface: 0
MIG: 20:28:36 : isPortInterface: 0
MIG: 20:28:36 : isPortInterface: 0
MIG: 20:28:36 : isPortInterface: 0
MIG: 20:28:36 : isPortInterface: 0
MIG: 20:28:36 : isPortInterface: 0
MIG: 20:28:36 : isPortInterface: 0
MIG: 20:28:36 : isPortInterface: 0
MIG: 20:28:36 : isPortInterface: 0
MIG: 20:28:36 : isPortInterface: 0
MIG: 20:28:36 : isPortInterface: 0
MIG: 20:28:36 : isPortInterface: 0
MIG: 20:28:36 : isPortInterface: 0
MIG: 20:28:36 : isPortInterface: 0
MIG: 20:28:36 : isPortInterface: 0
MIG: 20:28:36 : isPortInterface: 0
MIG: 20:28:36 : isPortInterface: 0
MIG: 20:28:36 : isPortInterface: 0
MIG: 20:28:36 : isPortInterface: 0
MIG: 20:28:36 : isPortInterface: 0
MIG: 20:28:36 : isPortInterface: 0
MIG: 20:28:36 : isPortInterface: 0
MIG: 20:28:36 : isPortInterface: 0
MIG: 20:28:36 : isPortInterface: 0
MIG: 20:28:36 : isPortInterface: 0
MIG: 20:28:36 : isPortInterface: 0
MIG: 20:28:36 : isPortInterface: 1
MIG: 20:28:36 : isPortInterface: 0
MIG: 20:28:36 : isPortInterface: 0
MIG: 20:28:36 : isPortInterface: 0
MIG: 20:28:36 : isPortInterface: 0
MIG: 20:28:36 : isPortInterface: 0
MIG: 20:28:36 : isPortInterface: 0
MIG: 20:28:36 : isPortInterface: 0
MIG: 20:28:36 : isPortInterface: 0
MIG: 20:28:36 : isPortInterface: 0
MIG: 20:28:36 : isPortInterface: 0
MIG: 20:28:36 :  locked false  
MIG: 20:28:36 : HDL Language: Verilog
MIG: 20:28:36 : compInfo: false
MIG: 20:28:36 : Vivado Options xc7a200t sbg484 -1
MIG: 20:28:36 : 1: xc7a200t 2: sbg484 3: -1
MIG: 20:28:36 : relative mig path: coregen/ip/xilinx/other/com/xilinx/ip/mig_7series_v4_1/bin/nt64/mig.exe
MIG: 20:28:36 : xilinx_path: C:/Xilinx/Vivado/2018.2/ids_lite/ISE
MIG: 20:28:36 : I am in catch area
MIG: 20:28:36 : Running C:/Xilinx/Vivado/2018.2/ids_lite/ISE/coregen/ip/xilinx/other/com/xilinx/ip/mig_7series_v4_1/bin/nt64/mig.exe -cg_exc_inp c:/Users/DFEC/Projects/basic_ublaze/Basic_uBlaze.srcs/sources_1/bd/design_1/ip/design_1_mig_7series_0_0/xil_txt.in -cg_exc_out c:/Users/DFEC/Projects/basic_ublaze/Basic_uBlaze.srcs/sources_1/bd/design_1/ip/design_1_mig_7series_0_0/xil_txt.out ... 
MIG: 20:28:47 : XML_INPUT_FILE: c:/Users/DFEC/Projects/basic_ublaze/Basic_uBlaze.srcs/sources_1/bd/design_1/ip/design_1_mig_7series_0_0/board.prj
MIG: 20:28:47 : Component_Name: design_1_mig_7series_0_0
MIG: 20:28:47 : Moving design_1_mig_7series_0_0 ...
MIG: 20:28:47 : Moving design_1_mig_7series_0_0.veo ...
MIG: 20:28:47 : Moving design_1_mig_7series_0_0_xmdf.tcl ...
